<?xml version="1.0" encoding="UTF-8"?>
<testsuite xmlns:xsi="http://www.w3.org/2001/XMLSchema-instance" xsi:noNamespaceSchemaLocation="https://maven.apache.org/surefire/maven-surefire-plugin/xsd/surefire-test-report-3.0.xsd" version="3.0" name="com.example.multitenant.MultiTenantThreadSafetyTest" time="53.876" tests="3" errors="0" skipped="0" failures="0">
  <properties>
[...]
</properties>
  <testcase name="shouldProcessMessagesForCorrectTenantAcrossMultipleThreads" classname="com.example.multitenant.MultiTenantThreadSafetyTest" time="29.18">
    <system-out><![CDATA[12:01:44 INFO  [co.ex.mu.TestContainersResource] (pool-3-thread-1) Starting test containers...
12:01:44 INFO  [or.te.im.PullPolicy] (pool-3-thread-1) Image pull policy will be performed by: DefaultPullPolicy()
12:01:44 INFO  [or.te.ut.ImageNameSubstitutor] (pool-3-thread-1) Image name substitution will be performed by: DefaultImageNameSubstitutor (composite of 'ConfigurationFileImageNameSubstitutor' and 'PrefixingImageNameSubstitutor')
12:01:44 INFO  [or.te.do.DockerClientProviderStrategy] (pool-3-thread-1) Loaded org.testcontainers.dockerclient.UnixSocketClientProviderStrategy from ~/.testcontainers.properties, will try it first
12:01:45 INFO  [or.te.do.DockerClientProviderStrategy] (pool-3-thread-1) Found Docker environment with local Unix socket (unix:///var/run/docker.sock)
12:01:45 INFO  [or.te.DockerClientFactory] (pool-3-thread-1) Docker host IP address is localhost
12:01:45 INFO  [or.te.DockerClientFactory] (pool-3-thread-1) Connected to docker: 
  Server Version: 28.1.1
  API Version: 1.49
  Operating System: Docker Desktop
  Total Memory: 7837 MB
12:01:46 INFO  [tc.te.6.0] (pool-3-thread-1) Creating container for image: testcontainers/ryuk:0.6.0
12:01:46 INFO  [or.te.ut.RegistryAuthLocator] (pool-3-thread-1) Credential helper/store (docker-credential-desktop) does not have credentials for https://index.docker.io/v1/
12:01:46 INFO  [tc.te.6.0] (pool-3-thread-1) Container testcontainers/ryuk:0.6.0 is starting: f6457c7b9d30f9b2a7b937e06422b7cf8c58b7bac108811b748b2b3be4f0828b
12:01:46 INFO  [tc.te.6.0] (pool-3-thread-1) Container testcontainers/ryuk:0.6.0 started in PT0.753755S
12:01:46 INFO  [or.te.ut.RyukResourceReaper] (pool-3-thread-1) Ryuk started - will monitor and terminate Testcontainers containers on JVM exit
12:01:46 INFO  [or.te.DockerClientFactory] (pool-3-thread-1) Checking the system...
12:01:46 INFO  [or.te.DockerClientFactory] (pool-3-thread-1) ✔︎ Docker server version should be at least 1.6.0
12:01:46 INFO  [tc.postgres:16-alpine] (pool-3-thread-1) Creating container for image: postgres:16-alpine
12:01:46 INFO  [tc.postgres:16-alpine] (pool-3-thread-1) Container postgres:16-alpine is starting: 39dce21ecf0b99db79df40028e23e7f48f9a1924d4b410dc2ca1535f6e05f5fd
12:01:47 INFO  [tc.postgres:16-alpine] (pool-3-thread-1) Container postgres:16-alpine started in PT0.940621S
12:01:47 INFO  [tc.postgres:16-alpine] (pool-3-thread-1) Container is started (JDBC URL: jdbc:postgresql://localhost:64041/tenant_default?loggerLevel=OFF)
12:01:47 INFO  [co.ex.mu.TestContainersResource] (pool-3-thread-1) Creating database: tenant_a
12:01:47 INFO  [co.ex.mu.TestContainersResource] (pool-3-thread-1) Creating database: tenant_b
12:01:47 INFO  [co.ex.mu.TestContainersResource] (pool-3-thread-1) Creating database: tenant_c
12:01:47 INFO  [co.ex.mu.TestContainersResource] (pool-3-thread-1) Migration applied for database: tenant_a
12:01:47 INFO  [co.ex.mu.TestContainersResource] (pool-3-thread-1) Migration applied for database: tenant_b
12:01:47 INFO  [co.ex.mu.TestContainersResource] (pool-3-thread-1) Migration applied for database: tenant_c
12:01:47 INFO  [co.ex.mu.TestContainersResource] (pool-3-thread-1) Migration applied for database: tenant_default
12:01:47 INFO  [tc.lo.4] (pool-3-thread-1) LOCALSTACK_HOST environment variable set to tc-NyKuEMCN (to match last network alias on container with non-default network)
12:01:47 INFO  [tc.lo.4] (pool-3-thread-1) Creating container for image: localstack/localstack:3.4
12:01:48 INFO  [tc.lo.4] (pool-3-thread-1) Container localstack/localstack:3.4 is starting: 9fbe7be177762cc95678261d1ea9ca3101d737ea03de5ef4a041d141de0fb1c3
12:01:50 INFO  [tc.lo.4] (pool-3-thread-1) Container localstack/localstack:3.4 started in PT2.600572S
12:01:52 INFO  [co.ex.mu.TestContainersResource] (pool-3-thread-1) PostgreSQL: jdbc:postgresql://localhost:64041/tenant_default?loggerLevel=OFF
12:01:52 INFO  [co.ex.mu.TestContainersResource] (pool-3-thread-1) LocalStack SQS endpoint: http://127.0.0.1:64047
12:01:52 INFO  [co.ex.mu.TestContainersResource] (pool-3-thread-1) Input Queue URL: http://127.0.0.1:64047/000000000000/input-queue
12:01:52 INFO  [co.ex.mu.TestContainersResource] (pool-3-thread-1) Output Queue URL: http://127.0.0.1:64047/000000000000/output-queue
12:01:53 DEBUG [co.ex.mu.co.TenantConnectionResolverImpl] (JPA Startup Thread) Resolving connection for tenant: tenant_default
12:01:53 INFO  [co.ex.mu.co.TenantConnectionResolverImpl] (JPA Startup Thread) Creating DataSource for tenant: tenant_default, URL: jdbc:postgresql://localhost:64041/tenant_default
12:01:53 INFO  [io.qu.sc.ru.SimpleScheduler] (main) Simple scheduler is disabled by config property and will not be started
12:01:54 INFO  [io.quarkus] (main) multitenant-sqs 1.0.0-SNAPSHOT on JVM (powered by Quarkus 3.17.8) started in 12.969s. Listening on: http://localhost:8081
12:01:54 INFO  [io.quarkus] (main) Profile test activated. 
12:01:54 INFO  [io.quarkus] (main) Installed features: [agroal, amazon-sqs, cdi, flyway, hibernate-orm, jdbc-postgresql, narayana-jta, rest, rest-jackson, scheduler, smallrye-context-propagation, vertx]
12:01:54 INFO  [co.ex.mu.MultiTenantThreadSafetyTest] (main) === STARTING MULTI-TENANT THREAD-SAFETY TEST ===
12:01:54 INFO  [co.ex.mu.MultiTenantThreadSafetyTest] (main) Tenants: [tenant_a, tenant_b, tenant_c], Messages per tenant: 30, Total: 90
12:01:54 INFO  [co.ex.mu.MultiTenantThreadSafetyTest] (main) STEP 1: Sending messages to input queue...
12:01:54 INFO  [co.ex.mu.MultiTenantThreadSafetyTest] (main) Sent 90 messages to input queue
12:01:54 INFO  [co.ex.mu.MultiTenantThreadSafetyTest] (main) STEP 2: Processing messages from input queue...
12:01:56 DEBUG [co.ex.mu.me.SqsClientService] (executor-thread-1) Received 10 messages from input queue
12:01:56 INFO  [co.ex.mu.MultiTenantThreadSafetyTest] (awaitility-thread) Received batch of 10 messages, processing...
12:01:56 INFO  [co.ex.mu.me.SqsConsumer] (awaitility-thread) Processing batch of 10 messages with max concurrency 20
12:01:56 INFO  [co.ex.mu.se.MessageProcessingService] (executor-thread-1) Processing message [msg-tenant_a-0] for tenant [tenant_a] on thread [executor-thread-1]
12:01:56 INFO  [co.ex.mu.se.MessageProcessingService] (executor-thread-2) Processing message [msg-tenant_a-1] for tenant [tenant_a] on thread [executor-thread-2]
12:01:56 INFO  [co.ex.mu.se.MessageProcessingService] (executor-thread-3) Processing message [msg-tenant_a-2] for tenant [tenant_a] on thread [executor-thread-3]
12:01:56 INFO  [co.ex.mu.se.MessageProcessingService] (executor-thread-4) Processing message [msg-tenant_a-3] for tenant [tenant_a] on thread [executor-thread-4]
12:01:56 INFO  [co.ex.mu.se.MessageProcessingService] (executor-thread-5) Processing message [msg-tenant_a-4] for tenant [tenant_a] on thread [executor-thread-5]
12:01:56 INFO  [co.ex.mu.re.ProcessedMessageRepository] (executor-thread-1) Saving message [msg-tenant_a-0] for tenant [tenant_a] on thread [executor-thread-1]
12:01:56 INFO  [co.ex.mu.re.ProcessedMessageRepository] (executor-thread-3) Saving message [msg-tenant_a-2] for tenant [tenant_a] on thread [executor-thread-3]
12:01:56 INFO  [co.ex.mu.re.ProcessedMessageRepository] (executor-thread-2) Saving message [msg-tenant_a-1] for tenant [tenant_a] on thread [executor-thread-2]
12:01:56 INFO  [co.ex.mu.re.ProcessedMessageRepository] (executor-thread-4) Saving message [msg-tenant_a-3] for tenant [tenant_a] on thread [executor-thread-4]
12:01:56 INFO  [co.ex.mu.re.ProcessedMessageRepository] (executor-thread-5) Saving message [msg-tenant_a-4] for tenant [tenant_a] on thread [executor-thread-5]
12:01:56 INFO  [co.ex.mu.se.MessageProcessingService] (executor-thread-6) Processing message [msg-tenant_a-5] for tenant [tenant_a] on thread [executor-thread-6]
12:01:56 INFO  [co.ex.mu.se.MessageProcessingService] (executor-thread-7) Processing message [msg-tenant_a-6] for tenant [tenant_a] on thread [executor-thread-7]
12:01:56 INFO  [co.ex.mu.re.ProcessedMessageRepository] (executor-thread-6) Saving message [msg-tenant_a-5] for tenant [tenant_a] on thread [executor-thread-6]
12:01:56 INFO  [co.ex.mu.re.ProcessedMessageRepository] (executor-thread-7) Saving message [msg-tenant_a-6] for tenant [tenant_a] on thread [executor-thread-7]
12:01:56 INFO  [co.ex.mu.se.MessageProcessingService] (executor-thread-8) Processing message [msg-tenant_a-7] for tenant [tenant_a] on thread [executor-thread-8]
12:01:56 INFO  [co.ex.mu.re.ProcessedMessageRepository] (executor-thread-8) Saving message [msg-tenant_a-7] for tenant [tenant_a] on thread [executor-thread-8]
12:01:56 INFO  [co.ex.mu.se.MessageProcessingService] (executor-thread-9) Processing message [msg-tenant_a-8] for tenant [tenant_a] on thread [executor-thread-9]
12:01:56 INFO  [co.ex.mu.se.MessageProcessingService] (executor-thread-10) Processing message [msg-tenant_a-9] for tenant [tenant_a] on thread [executor-thread-10]
12:01:56 INFO  [co.ex.mu.re.ProcessedMessageRepository] (executor-thread-9) Saving message [msg-tenant_a-8] for tenant [tenant_a] on thread [executor-thread-9]
12:01:56 INFO  [co.ex.mu.re.ProcessedMessageRepository] (executor-thread-10) Saving message [msg-tenant_a-9] for tenant [tenant_a] on thread [executor-thread-10]
12:01:56 DEBUG [co.ex.mu.co.TenantConnectionResolverImpl] (executor-thread-7) Resolving connection for tenant: tenant_a
12:01:56 DEBUG [co.ex.mu.co.TenantConnectionResolverImpl] (executor-thread-6) Resolving connection for tenant: tenant_a
12:01:56 DEBUG [co.ex.mu.co.TenantConnectionResolverImpl] (executor-thread-9) Resolving connection for tenant: tenant_a
12:01:56 DEBUG [co.ex.mu.co.TenantConnectionResolverImpl] (executor-thread-1) Resolving connection for tenant: tenant_a
12:01:56 DEBUG [co.ex.mu.co.TenantConnectionResolverImpl] (executor-thread-8) Resolving connection for tenant: tenant_a
12:01:56 DEBUG [co.ex.mu.co.TenantConnectionResolverImpl] (executor-thread-4) Resolving connection for tenant: tenant_a
12:01:56 DEBUG [co.ex.mu.co.TenantConnectionResolverImpl] (executor-thread-3) Resolving connection for tenant: tenant_a
12:01:56 INFO  [co.ex.mu.co.TenantConnectionResolverImpl] (executor-thread-7) Creating DataSource for tenant: tenant_a, URL: jdbc:postgresql://localhost:64041/tenant_a
12:01:56 DEBUG [co.ex.mu.co.TenantConnectionResolverImpl] (executor-thread-10) Resolving connection for tenant: tenant_a
12:01:56 DEBUG [co.ex.mu.co.TenantConnectionResolverImpl] (executor-thread-5) Resolving connection for tenant: tenant_a
12:01:56 DEBUG [co.ex.mu.co.TenantConnectionResolverImpl] (executor-thread-2) Resolving connection for tenant: tenant_a
12:01:57 INFO  [co.ex.mu.me.SqsClientService] (executor-thread-9) Published processed message [msg-tenant_a-4] for tenant [tenant_a] to output queue. MessageId: 67d62efd-8b1a-475b-a744-9f4a447249f1
12:01:57 INFO  [co.ex.mu.se.MessageProcessingService] (executor-thread-9) Fully processed message [msg-tenant_a-4] for tenant [tenant_a]
12:01:57 INFO  [co.ex.mu.me.SqsClientService] (executor-thread-10) Published processed message [msg-tenant_a-6] for tenant [tenant_a] to output queue. MessageId: a354f864-f8e3-4825-833d-0be1bbafa61d
12:01:57 INFO  [co.ex.mu.me.SqsClientService] (executor-thread-6) Published processed message [msg-tenant_a-3] for tenant [tenant_a] to output queue. MessageId: 78edd38b-fc36-4d10-b862-e6fb60c2e87c
12:01:57 INFO  [co.ex.mu.me.SqsClientService] (executor-thread-3) Published processed message [msg-tenant_a-5] for tenant [tenant_a] to output queue. MessageId: 11bd4b3f-e3ec-49f8-8aaa-318164c25109
12:01:57 INFO  [co.ex.mu.me.SqsClientService] (executor-thread-8) Published processed message [msg-tenant_a-7] for tenant [tenant_a] to output queue. MessageId: e453dedb-7869-42a2-a357-166aaa3bc071
12:01:57 INFO  [co.ex.mu.se.MessageProcessingService] (executor-thread-3) Fully processed message [msg-tenant_a-5] for tenant [tenant_a]
12:01:57 INFO  [co.ex.mu.se.MessageProcessingService] (executor-thread-10) Fully processed message [msg-tenant_a-6] for tenant [tenant_a]
12:01:57 INFO  [co.ex.mu.me.SqsClientService] (executor-thread-2) Published processed message [msg-tenant_a-2] for tenant [tenant_a] to output queue. MessageId: de11b221-c852-4044-bfde-a64a2e7f1fd3
12:01:57 INFO  [co.ex.mu.se.MessageProcessingService] (executor-thread-2) Fully processed message [msg-tenant_a-2] for tenant [tenant_a]
12:01:57 INFO  [co.ex.mu.se.MessageProcessingService] (executor-thread-6) Fully processed message [msg-tenant_a-3] for tenant [tenant_a]
12:01:57 INFO  [co.ex.mu.me.SqsClientService] (executor-thread-5) Published processed message [msg-tenant_a-0] for tenant [tenant_a] to output queue. MessageId: 1a523849-2af3-441b-9bbd-5d45c8366b48
12:01:57 INFO  [co.ex.mu.se.MessageProcessingService] (executor-thread-5) Fully processed message [msg-tenant_a-0] for tenant [tenant_a]
12:01:57 INFO  [co.ex.mu.se.MessageProcessingService] (executor-thread-8) Fully processed message [msg-tenant_a-7] for tenant [tenant_a]
12:01:57 INFO  [co.ex.mu.me.SqsClientService] (executor-thread-7) Published processed message [msg-tenant_a-1] for tenant [tenant_a] to output queue. MessageId: 8a4b80bf-cf0c-402a-80ad-f57c1d96ea3b
12:01:57 INFO  [co.ex.mu.me.SqsClientService] (executor-thread-1) Published processed message [msg-tenant_a-9] for tenant [tenant_a] to output queue. MessageId: afae0cef-b25a-4584-8f52-32b13f8836d7
12:01:57 INFO  [co.ex.mu.se.MessageProcessingService] (executor-thread-7) Fully processed message [msg-tenant_a-1] for tenant [tenant_a]
12:01:57 INFO  [co.ex.mu.me.SqsClientService] (executor-thread-4) Published processed message [msg-tenant_a-8] for tenant [tenant_a] to output queue. MessageId: f7b2690f-f979-497e-b91e-83e4c9b5edd1
12:01:57 INFO  [co.ex.mu.se.MessageProcessingService] (executor-thread-4) Fully processed message [msg-tenant_a-8] for tenant [tenant_a]
12:01:57 INFO  [co.ex.mu.se.MessageProcessingService] (executor-thread-1) Fully processed message [msg-tenant_a-9] for tenant [tenant_a]
12:01:57 DEBUG [co.ex.mu.me.SqsConsumer] (executor-thread-3) Deleted message [7ca71cca-35dd-41ab-8903-3cdd4d177441] from input queue
12:01:57 DEBUG [co.ex.mu.me.SqsConsumer] (executor-thread-3) Deleted message [70e4446b-855c-4788-b81a-4b3e9280c9dc] from input queue
12:01:57 DEBUG [co.ex.mu.me.SqsConsumer] (executor-thread-10) Deleted message [86b38f1f-95a4-4cd9-b9ff-659fa9b07b5d] from input queue
12:01:57 DEBUG [co.ex.mu.me.SqsConsumer] (executor-thread-7) Deleted message [e8494628-cf79-47a3-b548-68f8a16be6c5] from input queue
12:01:57 DEBUG [co.ex.mu.me.SqsConsumer] (executor-thread-7) Deleted message [ea28b7be-7b84-4380-8600-2ad50b56ffe0] from input queue
12:01:57 DEBUG [co.ex.mu.me.SqsConsumer] (executor-thread-7) Deleted message [c48cdc93-f900-4e18-b2e5-ed629cb534bf] from input queue
12:01:57 DEBUG [co.ex.mu.me.SqsConsumer] (executor-thread-5) Deleted message [939d0a6a-112e-4d70-bcd8-d8927f67bbe3] from input queue
12:01:57 DEBUG [co.ex.mu.me.SqsConsumer] (executor-thread-10) Deleted message [78147332-db27-4045-a04a-f8e3f5a8de92] from input queue
12:01:57 DEBUG [co.ex.mu.me.SqsConsumer] (executor-thread-3) Deleted message [94b1fcbb-13fd-4ca9-9757-37a0f6f17f83] from input queue
12:01:57 DEBUG [co.ex.mu.me.SqsConsumer] (executor-thread-7) Deleted message [5dab9e46-aa66-425b-bee0-1082c4cc07ac] from input queue
12:01:57 INFO  [co.ex.mu.MultiTenantThreadSafetyTest] (awaitility-thread) Total messages in all DBs: 10/90
12:01:59 DEBUG [co.ex.mu.me.SqsClientService] (executor-thread-7) Received 10 messages from input queue
12:01:59 INFO  [co.ex.mu.MultiTenantThreadSafetyTest] (awaitility-thread) Received batch of 10 messages, processing...
12:01:59 INFO  [co.ex.mu.me.SqsConsumer] (awaitility-thread) Processing batch of 10 messages with max concurrency 20
12:01:59 INFO  [co.ex.mu.se.MessageProcessingService] (executor-thread-7) Processing message [msg-tenant_a-10] for tenant [tenant_a] on thread [executor-thread-7]
12:01:59 INFO  [co.ex.mu.se.MessageProcessingService] (executor-thread-3) Processing message [msg-tenant_a-11] for tenant [tenant_a] on thread [executor-thread-3]
12:01:59 INFO  [co.ex.mu.re.ProcessedMessageRepository] (executor-thread-7) Saving message [msg-tenant_a-10] for tenant [tenant_a] on thread [executor-thread-7]
12:01:59 INFO  [co.ex.mu.re.ProcessedMessageRepository] (executor-thread-3) Saving message [msg-tenant_a-11] for tenant [tenant_a] on thread [executor-thread-3]
12:01:59 INFO  [co.ex.mu.se.MessageProcessingService] (executor-thread-10) Processing message [msg-tenant_a-12] for tenant [tenant_a] on thread [executor-thread-10]
12:01:59 INFO  [co.ex.mu.re.ProcessedMessageRepository] (executor-thread-10) Saving message [msg-tenant_a-12] for tenant [tenant_a] on thread [executor-thread-10]
12:01:59 INFO  [co.ex.mu.se.MessageProcessingService] (executor-thread-5) Processing message [msg-tenant_a-13] for tenant [tenant_a] on thread [executor-thread-5]
12:01:59 INFO  [co.ex.mu.re.ProcessedMessageRepository] (executor-thread-5) Saving message [msg-tenant_a-13] for tenant [tenant_a] on thread [executor-thread-5]
12:01:59 INFO  [co.ex.mu.se.MessageProcessingService] (executor-thread-4) Processing message [msg-tenant_a-14] for tenant [tenant_a] on thread [executor-thread-4]
12:01:59 INFO  [co.ex.mu.re.ProcessedMessageRepository] (executor-thread-4) Saving message [msg-tenant_a-14] for tenant [tenant_a] on thread [executor-thread-4]
12:01:59 INFO  [co.ex.mu.se.MessageProcessingService] (executor-thread-2) Processing message [msg-tenant_a-15] for tenant [tenant_a] on thread [executor-thread-2]
12:01:59 INFO  [co.ex.mu.re.ProcessedMessageRepository] (executor-thread-2) Saving message [msg-tenant_a-15] for tenant [tenant_a] on thread [executor-thread-2]
12:01:59 INFO  [co.ex.mu.se.MessageProcessingService] (executor-thread-9) Processing message [msg-tenant_a-16] for tenant [tenant_a] on thread [executor-thread-9]
12:01:59 INFO  [co.ex.mu.re.ProcessedMessageRepository] (executor-thread-9) Saving message [msg-tenant_a-16] for tenant [tenant_a] on thread [executor-thread-9]
12:01:59 INFO  [co.ex.mu.se.MessageProcessingService] (executor-thread-8) Processing message [msg-tenant_a-17] for tenant [tenant_a] on thread [executor-thread-8]
12:01:59 INFO  [co.ex.mu.re.ProcessedMessageRepository] (executor-thread-8) Saving message [msg-tenant_a-17] for tenant [tenant_a] on thread [executor-thread-8]
12:01:59 INFO  [co.ex.mu.se.MessageProcessingService] (executor-thread-6) Processing message [msg-tenant_a-19] for tenant [tenant_a] on thread [executor-thread-6]
12:01:59 INFO  [co.ex.mu.re.ProcessedMessageRepository] (executor-thread-6) Saving message [msg-tenant_a-19] for tenant [tenant_a] on thread [executor-thread-6]
12:01:59 INFO  [co.ex.mu.se.MessageProcessingService] (executor-thread-1) Processing message [msg-tenant_a-18] for tenant [tenant_a] on thread [executor-thread-1]
12:01:59 INFO  [co.ex.mu.re.ProcessedMessageRepository] (executor-thread-1) Saving message [msg-tenant_a-18] for tenant [tenant_a] on thread [executor-thread-1]
12:01:59 INFO  [co.ex.mu.me.SqsClientService] (executor-thread-7) Published processed message [msg-tenant_a-12] for tenant [tenant_a] to output queue. MessageId: a8fedcda-099f-4d4f-b9ee-ddfcad1c8d78
12:01:59 INFO  [co.ex.mu.me.SqsClientService] (executor-thread-1) Published processed message [msg-tenant_a-17] for tenant [tenant_a] to output queue. MessageId: 3da65293-8f39-4a5e-bd33-668890d74b0a
12:01:59 INFO  [co.ex.mu.se.MessageProcessingService] (executor-thread-1) Fully processed message [msg-tenant_a-17] for tenant [tenant_a]
12:01:59 INFO  [co.ex.mu.se.MessageProcessingService] (executor-thread-7) Fully processed message [msg-tenant_a-12] for tenant [tenant_a]
12:01:59 INFO  [co.ex.mu.me.SqsClientService] (executor-thread-5) Published processed message [msg-tenant_a-11] for tenant [tenant_a] to output queue. MessageId: ee686ab3-a913-4983-8a5c-4a89e1bb5db8
12:01:59 INFO  [co.ex.mu.se.MessageProcessingService] (executor-thread-5) Fully processed message [msg-tenant_a-11] for tenant [tenant_a]
12:01:59 INFO  [co.ex.mu.me.SqsClientService] (executor-thread-5) Published processed message [msg-tenant_a-16] for tenant [tenant_a] to output queue. MessageId: 2b23231f-9383-422f-9409-cb745778a0ac
12:01:59 INFO  [co.ex.mu.se.MessageProcessingService] (executor-thread-5) Fully processed message [msg-tenant_a-16] for tenant [tenant_a]
12:01:59 INFO  [co.ex.mu.me.SqsClientService] (executor-thread-5) Published processed message [msg-tenant_a-10] for tenant [tenant_a] to output queue. MessageId: ce7ab469-1d24-4424-9bbf-252b8b6d02c0
12:01:59 INFO  [co.ex.mu.se.MessageProcessingService] (executor-thread-5) Fully processed message [msg-tenant_a-10] for tenant [tenant_a]
12:01:59 INFO  [co.ex.mu.me.SqsClientService] (executor-thread-5) Published processed message [msg-tenant_a-15] for tenant [tenant_a] to output queue. MessageId: 5f84bef7-6187-4ac3-a40e-5d1d6c1a30b0
12:01:59 INFO  [co.ex.mu.se.MessageProcessingService] (executor-thread-5) Fully processed message [msg-tenant_a-15] for tenant [tenant_a]
12:01:59 INFO  [co.ex.mu.me.SqsClientService] (executor-thread-5) Published processed message [msg-tenant_a-18] for tenant [tenant_a] to output queue. MessageId: 1355c64b-dff3-4b86-9c94-d2d97d9cde3f
12:01:59 INFO  [co.ex.mu.se.MessageProcessingService] (executor-thread-5) Fully processed message [msg-tenant_a-18] for tenant [tenant_a]
12:01:59 INFO  [co.ex.mu.me.SqsClientService] (executor-thread-1) Published processed message [msg-tenant_a-14] for tenant [tenant_a] to output queue. MessageId: 2a037bf1-7dba-482c-adc1-a7a64887da04
12:01:59 INFO  [co.ex.mu.se.MessageProcessingService] (executor-thread-1) Fully processed message [msg-tenant_a-14] for tenant [tenant_a]
12:01:59 INFO  [co.ex.mu.me.SqsClientService] (executor-thread-1) Published processed message [msg-tenant_a-13] for tenant [tenant_a] to output queue. MessageId: 6ba39114-e783-45df-8022-254aee74c14f
12:01:59 INFO  [co.ex.mu.se.MessageProcessingService] (executor-thread-1) Fully processed message [msg-tenant_a-13] for tenant [tenant_a]
12:01:59 INFO  [co.ex.mu.me.SqsClientService] (executor-thread-5) Published processed message [msg-tenant_a-19] for tenant [tenant_a] to output queue. MessageId: fb11363e-e407-4c12-a583-467c934d66b7
12:01:59 INFO  [co.ex.mu.se.MessageProcessingService] (executor-thread-5) Fully processed message [msg-tenant_a-19] for tenant [tenant_a]
12:01:59 DEBUG [co.ex.mu.me.SqsConsumer] (executor-thread-5) Deleted message [a346b1fb-5e55-474a-930d-91b8d3c929c3] from input queue
12:01:59 DEBUG [co.ex.mu.me.SqsConsumer] (executor-thread-5) Deleted message [f3e22cf5-57c2-4781-bd8e-06291843571f] from input queue
12:01:59 DEBUG [co.ex.mu.me.SqsConsumer] (executor-thread-1) Deleted message [46a7e181-eac0-4ccf-8982-b25ca41627da] from input queue
12:01:59 DEBUG [co.ex.mu.me.SqsConsumer] (executor-thread-1) Deleted message [a2390390-259a-4929-ae49-0aea740edb5b] from input queue
12:01:59 DEBUG [co.ex.mu.me.SqsConsumer] (executor-thread-5) Deleted message [93096bcc-0acc-4fcf-8114-da0ccfb9bec0] from input queue
12:01:59 DEBUG [co.ex.mu.me.SqsConsumer] (executor-thread-5) Deleted message [2ed437d3-5cce-4632-833c-8aa9ea1b1612] from input queue
12:01:59 DEBUG [co.ex.mu.me.SqsConsumer] (executor-thread-5) Deleted message [a0e4df8d-bf91-41c7-952f-b975be0a69a6] from input queue
12:01:59 DEBUG [co.ex.mu.me.SqsConsumer] (executor-thread-1) Deleted message [7372052d-221b-4362-b571-103d2b3d3c18] from input queue
12:01:59 DEBUG [co.ex.mu.me.SqsConsumer] (executor-thread-1) Deleted message [1c884b4a-5ccf-4fc4-97d5-9797c4f20560] from input queue
12:01:59 DEBUG [co.ex.mu.me.SqsConsumer] (executor-thread-5) Deleted message [4eea9b54-ebfd-40fa-82f8-8e951c379344] from input queue
12:01:59 INFO  [co.ex.mu.MultiTenantThreadSafetyTest] (awaitility-thread) Total messages in all DBs: 20/90
12:02:01 DEBUG [co.ex.mu.me.SqsClientService] (executor-thread-5) Received 10 messages from input queue
12:02:01 INFO  [co.ex.mu.MultiTenantThreadSafetyTest] (awaitility-thread) Received batch of 10 messages, processing...
12:02:01 INFO  [co.ex.mu.me.SqsConsumer] (awaitility-thread) Processing batch of 10 messages with max concurrency 20
12:02:01 INFO  [co.ex.mu.se.MessageProcessingService] (executor-thread-5) Processing message [msg-tenant_a-20] for tenant [tenant_a] on thread [executor-thread-5]
12:02:01 INFO  [co.ex.mu.re.ProcessedMessageRepository] (executor-thread-5) Saving message [msg-tenant_a-20] for tenant [tenant_a] on thread [executor-thread-5]
12:02:01 INFO  [co.ex.mu.se.MessageProcessingService] (executor-thread-1) Processing message [msg-tenant_a-21] for tenant [tenant_a] on thread [executor-thread-1]
12:02:01 INFO  [co.ex.mu.se.MessageProcessingService] (executor-thread-7) Processing message [msg-tenant_a-22] for tenant [tenant_a] on thread [executor-thread-7]
12:02:01 INFO  [co.ex.mu.se.MessageProcessingService] (executor-thread-4) Processing message [msg-tenant_a-24] for tenant [tenant_a] on thread [executor-thread-4]
12:02:01 INFO  [co.ex.mu.re.ProcessedMessageRepository] (executor-thread-7) Saving message [msg-tenant_a-22] for tenant [tenant_a] on thread [executor-thread-7]
12:02:01 INFO  [co.ex.mu.re.ProcessedMessageRepository] (executor-thread-4) Saving message [msg-tenant_a-24] for tenant [tenant_a] on thread [executor-thread-4]
12:02:01 INFO  [co.ex.mu.se.MessageProcessingService] (executor-thread-8) Processing message [msg-tenant_a-27] for tenant [tenant_a] on thread [executor-thread-8]
12:02:01 INFO  [co.ex.mu.se.MessageProcessingService] (executor-thread-9) Processing message [msg-tenant_a-29] for tenant [tenant_a] on thread [executor-thread-9]
12:02:01 INFO  [co.ex.mu.re.ProcessedMessageRepository] (executor-thread-8) Saving message [msg-tenant_a-27] for tenant [tenant_a] on thread [executor-thread-8]
12:02:01 INFO  [co.ex.mu.se.MessageProcessingService] (executor-thread-10) Processing message [msg-tenant_a-23] for tenant [tenant_a] on thread [executor-thread-10]
12:02:01 INFO  [co.ex.mu.re.ProcessedMessageRepository] (executor-thread-10) Saving message [msg-tenant_a-23] for tenant [tenant_a] on thread [executor-thread-10]
12:02:01 INFO  [co.ex.mu.re.ProcessedMessageRepository] (executor-thread-1) Saving message [msg-tenant_a-21] for tenant [tenant_a] on thread [executor-thread-1]
12:02:01 INFO  [co.ex.mu.se.MessageProcessingService] (executor-thread-2) Processing message [msg-tenant_a-25] for tenant [tenant_a] on thread [executor-thread-2]
12:02:01 INFO  [co.ex.mu.se.MessageProcessingService] (executor-thread-6) Processing message [msg-tenant_a-26] for tenant [tenant_a] on thread [executor-thread-6]
12:02:01 INFO  [co.ex.mu.se.MessageProcessingService] (executor-thread-3) Processing message [msg-tenant_a-28] for tenant [tenant_a] on thread [executor-thread-3]
12:02:01 INFO  [co.ex.mu.re.ProcessedMessageRepository] (executor-thread-3) Saving message [msg-tenant_a-28] for tenant [tenant_a] on thread [executor-thread-3]
12:02:01 INFO  [co.ex.mu.re.ProcessedMessageRepository] (executor-thread-9) Saving message [msg-tenant_a-29] for tenant [tenant_a] on thread [executor-thread-9]
12:02:01 INFO  [co.ex.mu.re.ProcessedMessageRepository] (executor-thread-2) Saving message [msg-tenant_a-25] for tenant [tenant_a] on thread [executor-thread-2]
12:02:01 INFO  [co.ex.mu.re.ProcessedMessageRepository] (executor-thread-6) Saving message [msg-tenant_a-26] for tenant [tenant_a] on thread [executor-thread-6]
12:02:01 INFO  [co.ex.mu.me.SqsClientService] (executor-thread-4) Published processed message [msg-tenant_a-26] for tenant [tenant_a] to output queue. MessageId: a81f19ca-b852-44a9-a681-860fa0bf28af
12:02:01 INFO  [co.ex.mu.se.MessageProcessingService] (executor-thread-4) Fully processed message [msg-tenant_a-26] for tenant [tenant_a]
12:02:01 INFO  [co.ex.mu.me.SqsClientService] (executor-thread-4) Published processed message [msg-tenant_a-22] for tenant [tenant_a] to output queue. MessageId: eb4941e7-0820-4460-ba6d-685d946e6f5d
12:02:01 INFO  [co.ex.mu.se.MessageProcessingService] (executor-thread-4) Fully processed message [msg-tenant_a-22] for tenant [tenant_a]
12:02:01 INFO  [co.ex.mu.me.SqsClientService] (executor-thread-2) Published processed message [msg-tenant_a-20] for tenant [tenant_a] to output queue. MessageId: ef4566f1-329f-4164-90c3-4fd60858813b
12:02:01 INFO  [co.ex.mu.se.MessageProcessingService] (executor-thread-2) Fully processed message [msg-tenant_a-20] for tenant [tenant_a]
12:02:01 INFO  [co.ex.mu.me.SqsClientService] (executor-thread-2) Published processed message [msg-tenant_a-21] for tenant [tenant_a] to output queue. MessageId: 12f4d397-15be-494f-b453-703300363f6a
12:02:01 INFO  [co.ex.mu.se.MessageProcessingService] (executor-thread-2) Fully processed message [msg-tenant_a-21] for tenant [tenant_a]
12:02:01 INFO  [co.ex.mu.me.SqsClientService] (executor-thread-4) Published processed message [msg-tenant_a-28] for tenant [tenant_a] to output queue. MessageId: 3d28e7fd-c605-4c67-bb93-c50a62c4aff9
12:02:01 INFO  [co.ex.mu.se.MessageProcessingService] (executor-thread-4) Fully processed message [msg-tenant_a-28] for tenant [tenant_a]
12:02:01 INFO  [co.ex.mu.me.SqsClientService] (executor-thread-4) Published processed message [msg-tenant_a-24] for tenant [tenant_a] to output queue. MessageId: af900496-6df7-4377-bbaf-4f8e441397a1
12:02:01 INFO  [co.ex.mu.se.MessageProcessingService] (executor-thread-4) Fully processed message [msg-tenant_a-24] for tenant [tenant_a]
12:02:01 INFO  [co.ex.mu.me.SqsClientService] (executor-thread-2) Published processed message [msg-tenant_a-23] for tenant [tenant_a] to output queue. MessageId: 9822e958-1edf-4197-9cbe-76561575a570
12:02:01 INFO  [co.ex.mu.se.MessageProcessingService] (executor-thread-2) Fully processed message [msg-tenant_a-23] for tenant [tenant_a]
12:02:01 INFO  [co.ex.mu.me.SqsClientService] (executor-thread-3) Published processed message [msg-tenant_a-25] for tenant [tenant_a] to output queue. MessageId: ea274029-a4eb-4d1c-9b67-a0f133a3c557
12:02:01 INFO  [co.ex.mu.se.MessageProcessingService] (executor-thread-3) Fully processed message [msg-tenant_a-25] for tenant [tenant_a]
12:02:01 INFO  [co.ex.mu.me.SqsClientService] (executor-thread-3) Published processed message [msg-tenant_a-29] for tenant [tenant_a] to output queue. MessageId: 7551260d-0b70-4946-ae37-7fbd26bfb627
12:02:01 INFO  [co.ex.mu.se.MessageProcessingService] (executor-thread-3) Fully processed message [msg-tenant_a-29] for tenant [tenant_a]
12:02:01 INFO  [co.ex.mu.me.SqsClientService] (executor-thread-3) Published processed message [msg-tenant_a-27] for tenant [tenant_a] to output queue. MessageId: 20ecd2f5-12a2-4296-8235-a7265ce6dca0
12:02:01 INFO  [co.ex.mu.se.MessageProcessingService] (executor-thread-3) Fully processed message [msg-tenant_a-27] for tenant [tenant_a]
12:02:01 DEBUG [co.ex.mu.me.SqsConsumer] (executor-thread-3) Deleted message [6db825f0-21a5-48da-b493-c0be8e421f7b] from input queue
12:02:01 DEBUG [co.ex.mu.me.SqsConsumer] (executor-thread-3) Deleted message [fbe4aa17-8782-4e4b-8efb-4818656dc9b0] from input queue
12:02:01 DEBUG [co.ex.mu.me.SqsConsumer] (executor-thread-3) Deleted message [0a9fcd82-8ff9-41b7-89d9-80eec143777a] from input queue
12:02:01 DEBUG [co.ex.mu.me.SqsConsumer] (executor-thread-3) Deleted message [5c3bba58-ff0f-4d8b-b0f0-696744c1687f] from input queue
12:02:01 DEBUG [co.ex.mu.me.SqsConsumer] (executor-thread-3) Deleted message [8d5fed1c-4cec-4f5e-aa57-98c85edbb529] from input queue
12:02:01 DEBUG [co.ex.mu.me.SqsConsumer] (executor-thread-3) Deleted message [45a648e3-8110-451d-a194-11ba9984266f] from input queue
12:02:01 DEBUG [co.ex.mu.me.SqsConsumer] (executor-thread-4) Deleted message [7d280c27-21a2-4a5a-af4c-ab2a14a3de24] from input queue
12:02:01 DEBUG [co.ex.mu.me.SqsConsumer] (executor-thread-4) Deleted message [25eec576-cada-4997-9d1e-3f1ebb971bd9] from input queue
12:02:01 DEBUG [co.ex.mu.me.SqsConsumer] (executor-thread-3) Deleted message [0c5e0e33-e59c-49e9-ac30-d368ec09821c] from input queue
12:02:01 DEBUG [co.ex.mu.me.SqsConsumer] (executor-thread-3) Deleted message [28259846-848a-42de-9a79-c0870a6d3092] from input queue
12:02:01 INFO  [co.ex.mu.MultiTenantThreadSafetyTest] (awaitility-thread) Total messages in all DBs: 30/90
12:02:03 DEBUG [co.ex.mu.me.SqsClientService] (executor-thread-3) Received 10 messages from input queue
12:02:03 INFO  [co.ex.mu.MultiTenantThreadSafetyTest] (awaitility-thread) Received batch of 10 messages, processing...
12:02:03 INFO  [co.ex.mu.me.SqsConsumer] (awaitility-thread) Processing batch of 10 messages with max concurrency 20
12:02:03 INFO  [co.ex.mu.se.MessageProcessingService] (executor-thread-3) Processing message [msg-tenant_b-0] for tenant [tenant_b] on thread [executor-thread-3]
12:02:03 INFO  [co.ex.mu.re.ProcessedMessageRepository] (executor-thread-3) Saving message [msg-tenant_b-0] for tenant [tenant_b] on thread [executor-thread-3]
12:02:03 INFO  [co.ex.mu.se.MessageProcessingService] (executor-thread-4) Processing message [msg-tenant_b-1] for tenant [tenant_b] on thread [executor-thread-4]
12:02:03 INFO  [co.ex.mu.re.ProcessedMessageRepository] (executor-thread-4) Saving message [msg-tenant_b-1] for tenant [tenant_b] on thread [executor-thread-4]
12:02:03 INFO  [co.ex.mu.se.MessageProcessingService] (executor-thread-2) Processing message [msg-tenant_b-2] for tenant [tenant_b] on thread [executor-thread-2]
12:02:03 INFO  [co.ex.mu.se.MessageProcessingService] (executor-thread-8) Processing message [msg-tenant_b-4] for tenant [tenant_b] on thread [executor-thread-8]
12:02:03 INFO  [co.ex.mu.se.MessageProcessingService] (executor-thread-10) Processing message [msg-tenant_b-6] for tenant [tenant_b] on thread [executor-thread-10]
12:02:03 INFO  [co.ex.mu.se.MessageProcessingService] (executor-thread-6) Processing message [msg-tenant_b-7] for tenant [tenant_b] on thread [executor-thread-6]
12:02:03 INFO  [co.ex.mu.re.ProcessedMessageRepository] (executor-thread-10) Saving message [msg-tenant_b-6] for tenant [tenant_b] on thread [executor-thread-10]
12:02:03 INFO  [co.ex.mu.re.ProcessedMessageRepository] (executor-thread-6) Saving message [msg-tenant_b-7] for tenant [tenant_b] on thread [executor-thread-6]
12:02:03 INFO  [co.ex.mu.se.MessageProcessingService] (executor-thread-9) Processing message [msg-tenant_b-3] for tenant [tenant_b] on thread [executor-thread-9]
12:02:03 INFO  [co.ex.mu.se.MessageProcessingService] (executor-thread-7) Processing message [msg-tenant_b-9] for tenant [tenant_b] on thread [executor-thread-7]
12:02:03 INFO  [co.ex.mu.re.ProcessedMessageRepository] (executor-thread-2) Saving message [msg-tenant_b-2] for tenant [tenant_b] on thread [executor-thread-2]
12:02:03 INFO  [co.ex.mu.se.MessageProcessingService] (executor-thread-1) Processing message [msg-tenant_b-5] for tenant [tenant_b] on thread [executor-thread-1]
12:02:03 INFO  [co.ex.mu.re.ProcessedMessageRepository] (executor-thread-8) Saving message [msg-tenant_b-4] for tenant [tenant_b] on thread [executor-thread-8]
12:02:03 INFO  [co.ex.mu.re.ProcessedMessageRepository] (executor-thread-7) Saving message [msg-tenant_b-9] for tenant [tenant_b] on thread [executor-thread-7]
12:02:03 DEBUG [co.ex.mu.co.TenantConnectionResolverImpl] (executor-thread-10) Resolving connection for tenant: tenant_b
12:02:03 DEBUG [co.ex.mu.co.TenantConnectionResolverImpl] (executor-thread-3) Resolving connection for tenant: tenant_b
12:02:03 INFO  [co.ex.mu.re.ProcessedMessageRepository] (executor-thread-9) Saving message [msg-tenant_b-3] for tenant [tenant_b] on thread [executor-thread-9]
12:02:03 INFO  [co.ex.mu.se.MessageProcessingService] (executor-thread-5) Processing message [msg-tenant_b-8] for tenant [tenant_b] on thread [executor-thread-5]
12:02:03 INFO  [co.ex.mu.co.TenantConnectionResolverImpl] (executor-thread-10) Creating DataSource for tenant: tenant_b, URL: jdbc:postgresql://localhost:64041/tenant_b
12:02:03 INFO  [co.ex.mu.re.ProcessedMessageRepository] (executor-thread-5) Saving message [msg-tenant_b-8] for tenant [tenant_b] on thread [executor-thread-5]
12:02:03 DEBUG [co.ex.mu.co.TenantConnectionResolverImpl] (executor-thread-2) Resolving connection for tenant: tenant_b
12:02:03 DEBUG [co.ex.mu.co.TenantConnectionResolverImpl] (executor-thread-7) Resolving connection for tenant: tenant_b
12:02:03 DEBUG [co.ex.mu.co.TenantConnectionResolverImpl] (executor-thread-4) Resolving connection for tenant: tenant_b
12:02:03 DEBUG [co.ex.mu.co.TenantConnectionResolverImpl] (executor-thread-9) Resolving connection for tenant: tenant_b
12:02:03 DEBUG [co.ex.mu.co.TenantConnectionResolverImpl] (executor-thread-6) Resolving connection for tenant: tenant_b
12:02:03 INFO  [co.ex.mu.re.ProcessedMessageRepository] (executor-thread-1) Saving message [msg-tenant_b-5] for tenant [tenant_b] on thread [executor-thread-1]
12:02:03 DEBUG [co.ex.mu.co.TenantConnectionResolverImpl] (executor-thread-5) Resolving connection for tenant: tenant_b
12:02:03 DEBUG [co.ex.mu.co.TenantConnectionResolverImpl] (executor-thread-8) Resolving connection for tenant: tenant_b
12:02:03 DEBUG [co.ex.mu.co.TenantConnectionResolverImpl] (executor-thread-1) Resolving connection for tenant: tenant_b
12:02:03 INFO  [co.ex.mu.me.SqsClientService] (executor-thread-1) Published processed message [msg-tenant_b-6] for tenant [tenant_b] to output queue. MessageId: 096b6c67-e13f-4e3a-a922-5250d4dfe257
12:02:03 INFO  [co.ex.mu.se.MessageProcessingService] (executor-thread-1) Fully processed message [msg-tenant_b-6] for tenant [tenant_b]
12:02:03 INFO  [co.ex.mu.me.SqsClientService] (executor-thread-1) Published processed message [msg-tenant_b-5] for tenant [tenant_b] to output queue. MessageId: 0150790e-f695-42d0-88cf-98cdba036bd3
12:02:03 INFO  [co.ex.mu.se.MessageProcessingService] (executor-thread-1) Fully processed message [msg-tenant_b-5] for tenant [tenant_b]
12:02:03 DEBUG [co.ex.mu.me.SqsConsumer] (executor-thread-1) Deleted message [2b19c00e-3afe-4ef8-ac64-b6aee55ec935] from input queue
12:02:03 DEBUG [co.ex.mu.me.SqsConsumer] (executor-thread-1) Deleted message [b534aa46-e9ac-4384-8f64-dcc5fd2101a5] from input queue
12:02:03 INFO  [co.ex.mu.me.SqsClientService] (executor-thread-1) Published processed message [msg-tenant_b-4] for tenant [tenant_b] to output queue. MessageId: eb4598ce-1835-44ed-ad60-fdf528c1a21d
12:02:03 INFO  [co.ex.mu.se.MessageProcessingService] (executor-thread-1) Fully processed message [msg-tenant_b-4] for tenant [tenant_b]
12:02:03 INFO  [co.ex.mu.me.SqsClientService] (executor-thread-1) Published processed message [msg-tenant_b-8] for tenant [tenant_b] to output queue. MessageId: 60966257-9298-440a-b712-33374a13959b
12:02:03 DEBUG [co.ex.mu.me.SqsConsumer] (executor-thread-5) Deleted message [343e4a9a-5851-45ff-9b44-ae6244fd26c3] from input queue
12:02:03 INFO  [co.ex.mu.se.MessageProcessingService] (executor-thread-1) Fully processed message [msg-tenant_b-8] for tenant [tenant_b]
12:02:03 INFO  [co.ex.mu.me.SqsClientService] (executor-thread-1) Published processed message [msg-tenant_b-7] for tenant [tenant_b] to output queue. MessageId: 1ecb7eaa-579f-4a60-b6a3-3d8a1b240fe6
12:02:03 INFO  [co.ex.mu.se.MessageProcessingService] (executor-thread-1) Fully processed message [msg-tenant_b-7] for tenant [tenant_b]
12:02:03 DEBUG [co.ex.mu.me.SqsConsumer] (executor-thread-6) Deleted message [ef0f2310-1e76-465f-921f-8e8f03529cfe] from input queue
12:02:03 DEBUG [co.ex.mu.me.SqsConsumer] (executor-thread-9) Deleted message [ff1c2aea-e7a5-4377-9a63-bf40723def7f] from input queue
12:02:03 INFO  [co.ex.mu.me.SqsClientService] (executor-thread-9) Published processed message [msg-tenant_b-3] for tenant [tenant_b] to output queue. MessageId: 79b3a3ea-b9a4-42e0-b724-c60a62fd3a69
12:02:03 INFO  [co.ex.mu.se.MessageProcessingService] (executor-thread-9) Fully processed message [msg-tenant_b-3] for tenant [tenant_b]
12:02:03 DEBUG [co.ex.mu.me.SqsConsumer] (executor-thread-4) Deleted message [328de102-c6ff-4037-99b7-49c16cba9531] from input queue
12:02:03 INFO  [co.ex.mu.me.SqsClientService] (executor-thread-9) Published processed message [msg-tenant_b-1] for tenant [tenant_b] to output queue. MessageId: 594cacd7-51f8-4326-b5b0-a8dcce2be238
12:02:03 INFO  [co.ex.mu.se.MessageProcessingService] (executor-thread-9) Fully processed message [msg-tenant_b-1] for tenant [tenant_b]
12:02:03 DEBUG [co.ex.mu.me.SqsConsumer] (executor-thread-2) Deleted message [3dbdb7dc-90cf-48fc-8f10-2a3857caf6ac] from input queue
12:02:03 INFO  [co.ex.mu.me.SqsClientService] (executor-thread-2) Published processed message [msg-tenant_b-0] for tenant [tenant_b] to output queue. MessageId: b87a8cfa-cc19-4cff-8225-7327d2fddc6c
12:02:03 INFO  [co.ex.mu.se.MessageProcessingService] (executor-thread-2) Fully processed message [msg-tenant_b-0] for tenant [tenant_b]
12:02:03 INFO  [co.ex.mu.me.SqsClientService] (executor-thread-7) Published processed message [msg-tenant_b-2] for tenant [tenant_b] to output queue. MessageId: 8b5dd74f-3aa1-4b54-b779-a5643041c2e0
12:02:03 INFO  [co.ex.mu.se.MessageProcessingService] (executor-thread-7) Fully processed message [msg-tenant_b-2] for tenant [tenant_b]
12:02:03 INFO  [co.ex.mu.me.SqsClientService] (executor-thread-3) Published processed message [msg-tenant_b-9] for tenant [tenant_b] to output queue. MessageId: 2b698553-4a36-4f47-86e3-22e4b2befd6d
12:02:03 INFO  [co.ex.mu.se.MessageProcessingService] (executor-thread-3) Fully processed message [msg-tenant_b-9] for tenant [tenant_b]
12:02:03 DEBUG [co.ex.mu.me.SqsConsumer] (executor-thread-7) Deleted message [95f7bf0d-4b23-4a65-b625-b0964b4ea524] from input queue
12:02:03 DEBUG [co.ex.mu.me.SqsConsumer] (executor-thread-2) Deleted message [72acdb99-48da-4dd8-ba3c-c245d40babe6] from input queue
12:02:03 DEBUG [co.ex.mu.me.SqsConsumer] (executor-thread-3) Deleted message [4d685ccd-7746-429b-83cd-de99ce906aa9] from input queue
12:02:03 INFO  [co.ex.mu.MultiTenantThreadSafetyTest] (awaitility-thread) Total messages in all DBs: 40/90
12:02:05 DEBUG [co.ex.mu.me.SqsClientService] (executor-thread-3) Received 10 messages from input queue
12:02:05 INFO  [co.ex.mu.MultiTenantThreadSafetyTest] (awaitility-thread) Received batch of 10 messages, processing...
12:02:05 INFO  [co.ex.mu.me.SqsConsumer] (awaitility-thread) Processing batch of 10 messages with max concurrency 20
12:02:05 INFO  [co.ex.mu.se.MessageProcessingService] (executor-thread-3) Processing message [msg-tenant_b-10] for tenant [tenant_b] on thread [executor-thread-3]
12:02:05 INFO  [co.ex.mu.re.ProcessedMessageRepository] (executor-thread-3) Saving message [msg-tenant_b-10] for tenant [tenant_b] on thread [executor-thread-3]
12:02:05 INFO  [co.ex.mu.se.MessageProcessingService] (executor-thread-2) Processing message [msg-tenant_b-11] for tenant [tenant_b] on thread [executor-thread-2]
12:02:05 INFO  [co.ex.mu.re.ProcessedMessageRepository] (executor-thread-2) Saving message [msg-tenant_b-11] for tenant [tenant_b] on thread [executor-thread-2]
12:02:05 INFO  [co.ex.mu.se.MessageProcessingService] (executor-thread-7) Processing message [msg-tenant_b-12] for tenant [tenant_b] on thread [executor-thread-7]
12:02:05 INFO  [co.ex.mu.se.MessageProcessingService] (executor-thread-1) Processing message [msg-tenant_b-15] for tenant [tenant_b] on thread [executor-thread-1]
12:02:05 INFO  [co.ex.mu.se.MessageProcessingService] (executor-thread-9) Processing message [msg-tenant_b-13] for tenant [tenant_b] on thread [executor-thread-9]
12:02:05 INFO  [co.ex.mu.se.MessageProcessingService] (executor-thread-5) Processing message [msg-tenant_b-17] for tenant [tenant_b] on thread [executor-thread-5]
12:02:05 INFO  [co.ex.mu.se.MessageProcessingService] (executor-thread-8) Processing message [msg-tenant_b-18] for tenant [tenant_b] on thread [executor-thread-8]
12:02:05 INFO  [co.ex.mu.se.MessageProcessingService] (executor-thread-4) Processing message [msg-tenant_b-14] for tenant [tenant_b] on thread [executor-thread-4]
12:02:05 INFO  [co.ex.mu.re.ProcessedMessageRepository] (executor-thread-8) Saving message [msg-tenant_b-18] for tenant [tenant_b] on thread [executor-thread-8]
12:02:05 INFO  [co.ex.mu.re.ProcessedMessageRepository] (executor-thread-4) Saving message [msg-tenant_b-14] for tenant [tenant_b] on thread [executor-thread-4]
12:02:05 INFO  [co.ex.mu.re.ProcessedMessageRepository] (executor-thread-7) Saving message [msg-tenant_b-12] for tenant [tenant_b] on thread [executor-thread-7]
12:02:05 INFO  [co.ex.mu.re.ProcessedMessageRepository] (executor-thread-1) Saving message [msg-tenant_b-15] for tenant [tenant_b] on thread [executor-thread-1]
12:02:05 INFO  [co.ex.mu.se.MessageProcessingService] (executor-thread-6) Processing message [msg-tenant_b-16] for tenant [tenant_b] on thread [executor-thread-6]
12:02:05 INFO  [co.ex.mu.re.ProcessedMessageRepository] (executor-thread-6) Saving message [msg-tenant_b-16] for tenant [tenant_b] on thread [executor-thread-6]
12:02:05 INFO  [co.ex.mu.re.ProcessedMessageRepository] (executor-thread-9) Saving message [msg-tenant_b-13] for tenant [tenant_b] on thread [executor-thread-9]
12:02:05 INFO  [co.ex.mu.se.MessageProcessingService] (executor-thread-10) Processing message [msg-tenant_b-19] for tenant [tenant_b] on thread [executor-thread-10]
12:02:05 INFO  [co.ex.mu.re.ProcessedMessageRepository] (executor-thread-10) Saving message [msg-tenant_b-19] for tenant [tenant_b] on thread [executor-thread-10]
12:02:05 INFO  [co.ex.mu.re.ProcessedMessageRepository] (executor-thread-5) Saving message [msg-tenant_b-17] for tenant [tenant_b] on thread [executor-thread-5]
12:02:05 INFO  [co.ex.mu.me.SqsClientService] (executor-thread-10) Published processed message [msg-tenant_b-11] for tenant [tenant_b] to output queue. MessageId: 888774d7-eea9-49b6-96ac-c0cabaec7723
12:02:05 INFO  [co.ex.mu.se.MessageProcessingService] (executor-thread-10) Fully processed message [msg-tenant_b-11] for tenant [tenant_b]
12:02:05 INFO  [co.ex.mu.me.SqsClientService] (executor-thread-6) Published processed message [msg-tenant_b-10] for tenant [tenant_b] to output queue. MessageId: f2c851dd-e5e5-4660-91c7-9daeb2056ea4
12:02:05 INFO  [co.ex.mu.se.MessageProcessingService] (executor-thread-6) Fully processed message [msg-tenant_b-10] for tenant [tenant_b]
12:02:05 INFO  [co.ex.mu.me.SqsClientService] (executor-thread-6) Published processed message [msg-tenant_b-12] for tenant [tenant_b] to output queue. MessageId: 4d5b9926-b03d-44e6-98da-d4a7f1564f06
12:02:05 INFO  [co.ex.mu.me.SqsClientService] (executor-thread-10) Published processed message [msg-tenant_b-13] for tenant [tenant_b] to output queue. MessageId: 1e76ca15-65ce-45b2-84e8-9a4b94136c3a
12:02:05 INFO  [co.ex.mu.se.MessageProcessingService] (executor-thread-10) Fully processed message [msg-tenant_b-13] for tenant [tenant_b]
12:02:05 INFO  [co.ex.mu.se.MessageProcessingService] (executor-thread-6) Fully processed message [msg-tenant_b-12] for tenant [tenant_b]
12:02:05 INFO  [co.ex.mu.me.SqsClientService] (executor-thread-7) Published processed message [msg-tenant_b-18] for tenant [tenant_b] to output queue. MessageId: 68d1a308-d292-4c63-8700-f5b604bec16a
12:02:05 INFO  [co.ex.mu.se.MessageProcessingService] (executor-thread-7) Fully processed message [msg-tenant_b-18] for tenant [tenant_b]
12:02:05 INFO  [co.ex.mu.me.SqsClientService] (executor-thread-5) Published processed message [msg-tenant_b-19] for tenant [tenant_b] to output queue. MessageId: 5bc61d36-0494-433f-90f8-2853ca49f19c
12:02:05 INFO  [co.ex.mu.se.MessageProcessingService] (executor-thread-5) Fully processed message [msg-tenant_b-19] for tenant [tenant_b]
12:02:05 INFO  [co.ex.mu.me.SqsClientService] (executor-thread-1) Published processed message [msg-tenant_b-15] for tenant [tenant_b] to output queue. MessageId: c76f8a56-a954-4958-b547-383ce1f1e1a5
12:02:05 INFO  [co.ex.mu.se.MessageProcessingService] (executor-thread-1) Fully processed message [msg-tenant_b-15] for tenant [tenant_b]
12:02:05 INFO  [co.ex.mu.me.SqsClientService] (executor-thread-1) Published processed message [msg-tenant_b-14] for tenant [tenant_b] to output queue. MessageId: f99a6469-57bb-45e8-a621-f2c93d8d0a07
12:02:05 INFO  [co.ex.mu.se.MessageProcessingService] (executor-thread-1) Fully processed message [msg-tenant_b-14] for tenant [tenant_b]
12:02:05 INFO  [co.ex.mu.me.SqsClientService] (executor-thread-1) Published processed message [msg-tenant_b-17] for tenant [tenant_b] to output queue. MessageId: cd6ae97f-64d8-4826-b003-e66c0f51f53e
12:02:05 INFO  [co.ex.mu.se.MessageProcessingService] (executor-thread-1) Fully processed message [msg-tenant_b-17] for tenant [tenant_b]
12:02:05 INFO  [co.ex.mu.me.SqsClientService] (executor-thread-1) Published processed message [msg-tenant_b-16] for tenant [tenant_b] to output queue. MessageId: d17a304a-437a-44e5-8f29-d7850234a074
12:02:05 INFO  [co.ex.mu.se.MessageProcessingService] (executor-thread-1) Fully processed message [msg-tenant_b-16] for tenant [tenant_b]
12:02:05 DEBUG [co.ex.mu.me.SqsConsumer] (executor-thread-1) Deleted message [c458e6da-3d63-4a16-a63d-05e35504ec90] from input queue
12:02:05 DEBUG [co.ex.mu.me.SqsConsumer] (executor-thread-5) Deleted message [11f1b354-2083-4a77-a01e-c51ceec5bd42] from input queue
12:02:05 DEBUG [co.ex.mu.me.SqsConsumer] (executor-thread-5) Deleted message [e734175d-a8cb-4266-bfa2-51da0eb7eaa5] from input queue
12:02:05 DEBUG [co.ex.mu.me.SqsConsumer] (executor-thread-5) Deleted message [824b1a7b-f742-407c-a3dc-1873036a797b] from input queue
12:02:05 DEBUG [co.ex.mu.me.SqsConsumer] (executor-thread-5) Deleted message [0229ce4c-127f-4baf-9f97-ade04e7251fa] from input queue
12:02:05 DEBUG [co.ex.mu.me.SqsConsumer] (executor-thread-5) Deleted message [36b2864e-6529-4a6e-8e1a-3b74dfeb6d7a] from input queue
12:02:05 DEBUG [co.ex.mu.me.SqsConsumer] (executor-thread-5) Deleted message [d69a1a7c-498e-4e24-8a5e-d8e64fee493f] from input queue
12:02:05 DEBUG [co.ex.mu.me.SqsConsumer] (executor-thread-1) Deleted message [368404f9-199f-4d05-8228-408f4be0ae04] from input queue
12:02:05 DEBUG [co.ex.mu.me.SqsConsumer] (executor-thread-1) Deleted message [869c7b1c-e514-444e-9a15-f23864390243] from input queue
12:02:05 DEBUG [co.ex.mu.me.SqsConsumer] (executor-thread-5) Deleted message [521241ef-897d-4d29-9362-af47582b0bd2] from input queue
12:02:05 INFO  [co.ex.mu.MultiTenantThreadSafetyTest] (awaitility-thread) Total messages in all DBs: 50/90
12:02:07 DEBUG [co.ex.mu.me.SqsClientService] (executor-thread-5) Received 10 messages from input queue
12:02:07 INFO  [co.ex.mu.MultiTenantThreadSafetyTest] (awaitility-thread) Received batch of 10 messages, processing...
12:02:07 INFO  [co.ex.mu.me.SqsConsumer] (awaitility-thread) Processing batch of 10 messages with max concurrency 20
12:02:07 INFO  [co.ex.mu.se.MessageProcessingService] (executor-thread-1) Processing message [msg-tenant_b-21] for tenant [tenant_b] on thread [executor-thread-1]
12:02:07 INFO  [co.ex.mu.se.MessageProcessingService] (executor-thread-5) Processing message [msg-tenant_b-20] for tenant [tenant_b] on thread [executor-thread-5]
12:02:07 INFO  [co.ex.mu.re.ProcessedMessageRepository] (executor-thread-1) Saving message [msg-tenant_b-21] for tenant [tenant_b] on thread [executor-thread-1]
12:02:07 INFO  [co.ex.mu.se.MessageProcessingService] (executor-thread-7) Processing message [msg-tenant_b-22] for tenant [tenant_b] on thread [executor-thread-7]
12:02:07 INFO  [co.ex.mu.re.ProcessedMessageRepository] (executor-thread-5) Saving message [msg-tenant_b-20] for tenant [tenant_b] on thread [executor-thread-5]
12:02:07 INFO  [co.ex.mu.se.MessageProcessingService] (executor-thread-6) Processing message [msg-tenant_b-23] for tenant [tenant_b] on thread [executor-thread-6]
12:02:07 INFO  [co.ex.mu.re.ProcessedMessageRepository] (executor-thread-7) Saving message [msg-tenant_b-22] for tenant [tenant_b] on thread [executor-thread-7]
12:02:07 INFO  [co.ex.mu.re.ProcessedMessageRepository] (executor-thread-6) Saving message [msg-tenant_b-23] for tenant [tenant_b] on thread [executor-thread-6]
12:02:07 INFO  [co.ex.mu.se.MessageProcessingService] (executor-thread-10) Processing message [msg-tenant_b-24] for tenant [tenant_b] on thread [executor-thread-10]
12:02:07 INFO  [co.ex.mu.re.ProcessedMessageRepository] (executor-thread-10) Saving message [msg-tenant_b-24] for tenant [tenant_b] on thread [executor-thread-10]
12:02:07 INFO  [co.ex.mu.se.MessageProcessingService] (executor-thread-9) Processing message [msg-tenant_b-25] for tenant [tenant_b] on thread [executor-thread-9]
12:02:07 INFO  [co.ex.mu.se.MessageProcessingService] (executor-thread-4) Processing message [msg-tenant_b-26] for tenant [tenant_b] on thread [executor-thread-4]
12:02:07 INFO  [co.ex.mu.re.ProcessedMessageRepository] (executor-thread-4) Saving message [msg-tenant_b-26] for tenant [tenant_b] on thread [executor-thread-4]
12:02:07 INFO  [co.ex.mu.se.MessageProcessingService] (executor-thread-3) Processing message [msg-tenant_b-28] for tenant [tenant_b] on thread [executor-thread-3]
12:02:07 INFO  [co.ex.mu.re.ProcessedMessageRepository] (executor-thread-9) Saving message [msg-tenant_b-25] for tenant [tenant_b] on thread [executor-thread-9]
12:02:07 INFO  [co.ex.mu.re.ProcessedMessageRepository] (executor-thread-3) Saving message [msg-tenant_b-28] for tenant [tenant_b] on thread [executor-thread-3]
12:02:07 INFO  [co.ex.mu.se.MessageProcessingService] (executor-thread-8) Processing message [msg-tenant_b-27] for tenant [tenant_b] on thread [executor-thread-8]
12:02:07 INFO  [co.ex.mu.se.MessageProcessingService] (executor-thread-2) Processing message [msg-tenant_b-29] for tenant [tenant_b] on thread [executor-thread-2]
12:02:07 INFO  [co.ex.mu.re.ProcessedMessageRepository] (executor-thread-8) Saving message [msg-tenant_b-27] for tenant [tenant_b] on thread [executor-thread-8]
12:02:07 INFO  [co.ex.mu.re.ProcessedMessageRepository] (executor-thread-2) Saving message [msg-tenant_b-29] for tenant [tenant_b] on thread [executor-thread-2]
12:02:07 INFO  [co.ex.mu.me.SqsClientService] (executor-thread-8) Published processed message [msg-tenant_b-22] for tenant [tenant_b] to output queue. MessageId: 397cbbb2-8516-4d60-9e5c-67f9092cd322
12:02:07 INFO  [co.ex.mu.se.MessageProcessingService] (executor-thread-8) Fully processed message [msg-tenant_b-22] for tenant [tenant_b]
12:02:07 INFO  [co.ex.mu.me.SqsClientService] (executor-thread-6) Published processed message [msg-tenant_b-26] for tenant [tenant_b] to output queue. MessageId: f384fdea-5a3a-4fd9-9504-11a5a768b9d4
12:02:07 INFO  [co.ex.mu.se.MessageProcessingService] (executor-thread-6) Fully processed message [msg-tenant_b-26] for tenant [tenant_b]
12:02:07 INFO  [co.ex.mu.me.SqsClientService] (executor-thread-2) Published processed message [msg-tenant_b-20] for tenant [tenant_b] to output queue. MessageId: a712552d-283f-4737-9d15-638f6b071f9d
12:02:07 INFO  [co.ex.mu.se.MessageProcessingService] (executor-thread-2) Fully processed message [msg-tenant_b-20] for tenant [tenant_b]
12:02:07 INFO  [co.ex.mu.me.SqsClientService] (executor-thread-2) Published processed message [msg-tenant_b-21] for tenant [tenant_b] to output queue. MessageId: 02ce16eb-c99b-4a58-b806-d287213a5050
12:02:07 INFO  [co.ex.mu.se.MessageProcessingService] (executor-thread-2) Fully processed message [msg-tenant_b-21] for tenant [tenant_b]
12:02:07 INFO  [co.ex.mu.me.SqsClientService] (executor-thread-6) Published processed message [msg-tenant_b-28] for tenant [tenant_b] to output queue. MessageId: cdae85cb-af7b-4f24-89e1-26f1e58e45fd
12:02:07 INFO  [co.ex.mu.se.MessageProcessingService] (executor-thread-6) Fully processed message [msg-tenant_b-28] for tenant [tenant_b]
12:02:07 INFO  [co.ex.mu.me.SqsClientService] (executor-thread-2) Published processed message [msg-tenant_b-24] for tenant [tenant_b] to output queue. MessageId: 060a6d71-0691-4283-8579-1db221040c2d
12:02:07 INFO  [co.ex.mu.se.MessageProcessingService] (executor-thread-2) Fully processed message [msg-tenant_b-24] for tenant [tenant_b]
12:02:07 INFO  [co.ex.mu.me.SqsClientService] (executor-thread-2) Published processed message [msg-tenant_b-25] for tenant [tenant_b] to output queue. MessageId: 72067d79-e67d-4d6a-ace7-70f6b5092be1
12:02:07 INFO  [co.ex.mu.se.MessageProcessingService] (executor-thread-2) Fully processed message [msg-tenant_b-25] for tenant [tenant_b]
12:02:07 INFO  [co.ex.mu.me.SqsClientService] (executor-thread-2) Published processed message [msg-tenant_b-27] for tenant [tenant_b] to output queue. MessageId: 954e03c1-e63c-488d-ab22-c469695db1b4
12:02:07 INFO  [co.ex.mu.se.MessageProcessingService] (executor-thread-2) Fully processed message [msg-tenant_b-27] for tenant [tenant_b]
12:02:07 INFO  [co.ex.mu.me.SqsClientService] (executor-thread-2) Published processed message [msg-tenant_b-29] for tenant [tenant_b] to output queue. MessageId: 2bb702f6-9c74-495a-b7ce-4d1ca4712f38
12:02:07 INFO  [co.ex.mu.se.MessageProcessingService] (executor-thread-2) Fully processed message [msg-tenant_b-29] for tenant [tenant_b]
12:02:07 INFO  [co.ex.mu.me.SqsClientService] (executor-thread-6) Published processed message [msg-tenant_b-23] for tenant [tenant_b] to output queue. MessageId: 7a28eaea-302f-4165-b0ac-f65cfb0e9bea
12:02:07 INFO  [co.ex.mu.se.MessageProcessingService] (executor-thread-6) Fully processed message [msg-tenant_b-23] for tenant [tenant_b]
12:02:07 DEBUG [co.ex.mu.me.SqsConsumer] (executor-thread-2) Deleted message [330fd954-600f-4545-a58b-ed0a3d190fa3] from input queue
12:02:07 DEBUG [co.ex.mu.me.SqsConsumer] (executor-thread-6) Deleted message [1e6f7896-356a-4f49-a186-ab1e6c90b8fd] from input queue
12:02:07 DEBUG [co.ex.mu.me.SqsConsumer] (executor-thread-6) Deleted message [68866c8c-c78d-49a5-a00c-1caa1addafa7] from input queue
12:02:07 DEBUG [co.ex.mu.me.SqsConsumer] (executor-thread-6) Deleted message [09db3a9d-b608-49fe-8934-206f26e02fa9] from input queue
12:02:07 DEBUG [co.ex.mu.me.SqsConsumer] (executor-thread-6) Deleted message [7e7c469c-d421-4067-a3b2-d311b8152494] from input queue
12:02:07 DEBUG [co.ex.mu.me.SqsConsumer] (executor-thread-2) Deleted message [992d23c7-ff08-4431-a0a5-233837dac564] from input queue
12:02:07 DEBUG [co.ex.mu.me.SqsConsumer] (executor-thread-6) Deleted message [5bd588a4-a6ce-43b2-bffa-5e45ab37a0fd] from input queue
12:02:07 DEBUG [co.ex.mu.me.SqsConsumer] (executor-thread-2) Deleted message [a6539586-c32d-4f7c-ab69-6900a76df4d5] from input queue
12:02:07 DEBUG [co.ex.mu.me.SqsConsumer] (executor-thread-8) Deleted message [e2395560-4da4-4cb1-af20-8c24cb82365c] from input queue
12:02:07 DEBUG [co.ex.mu.me.SqsConsumer] (executor-thread-8) Deleted message [b4a75348-35cb-4cd5-b840-a05148b9e470] from input queue
12:02:07 INFO  [co.ex.mu.MultiTenantThreadSafetyTest] (awaitility-thread) Total messages in all DBs: 60/90
12:02:09 DEBUG [co.ex.mu.me.SqsClientService] (executor-thread-8) Received 10 messages from input queue
12:02:09 INFO  [co.ex.mu.MultiTenantThreadSafetyTest] (awaitility-thread) Received batch of 10 messages, processing...
12:02:09 INFO  [co.ex.mu.me.SqsConsumer] (awaitility-thread) Processing batch of 10 messages with max concurrency 20
12:02:09 INFO  [co.ex.mu.se.MessageProcessingService] (executor-thread-8) Processing message [msg-tenant_c-0] for tenant [tenant_c] on thread [executor-thread-8]
12:02:09 INFO  [co.ex.mu.re.ProcessedMessageRepository] (executor-thread-8) Saving message [msg-tenant_c-0] for tenant [tenant_c] on thread [executor-thread-8]
12:02:09 INFO  [co.ex.mu.se.MessageProcessingService] (executor-thread-2) Processing message [msg-tenant_c-1] for tenant [tenant_c] on thread [executor-thread-2]
12:02:09 INFO  [co.ex.mu.se.MessageProcessingService] (executor-thread-6) Processing message [msg-tenant_c-2] for tenant [tenant_c] on thread [executor-thread-6]
12:02:09 INFO  [co.ex.mu.se.MessageProcessingService] (executor-thread-1) Processing message [msg-tenant_c-3] for tenant [tenant_c] on thread [executor-thread-1]
12:02:09 INFO  [co.ex.mu.re.ProcessedMessageRepository] (executor-thread-6) Saving message [msg-tenant_c-2] for tenant [tenant_c] on thread [executor-thread-6]
12:02:09 INFO  [co.ex.mu.re.ProcessedMessageRepository] (executor-thread-2) Saving message [msg-tenant_c-1] for tenant [tenant_c] on thread [executor-thread-2]
12:02:09 DEBUG [co.ex.mu.co.TenantConnectionResolverImpl] (executor-thread-8) Resolving connection for tenant: tenant_c
12:02:09 INFO  [co.ex.mu.co.TenantConnectionResolverImpl] (executor-thread-8) Creating DataSource for tenant: tenant_c, URL: jdbc:postgresql://localhost:64041/tenant_c
12:02:09 INFO  [co.ex.mu.se.MessageProcessingService] (executor-thread-3) Processing message [msg-tenant_c-4] for tenant [tenant_c] on thread [executor-thread-3]
12:02:09 INFO  [co.ex.mu.re.ProcessedMessageRepository] (executor-thread-1) Saving message [msg-tenant_c-3] for tenant [tenant_c] on thread [executor-thread-1]
12:02:09 INFO  [co.ex.mu.re.ProcessedMessageRepository] (executor-thread-3) Saving message [msg-tenant_c-4] for tenant [tenant_c] on thread [executor-thread-3]
12:02:09 INFO  [co.ex.mu.se.MessageProcessingService] (executor-thread-10) Processing message [msg-tenant_c-5] for tenant [tenant_c] on thread [executor-thread-10]
12:02:09 INFO  [co.ex.mu.re.ProcessedMessageRepository] (executor-thread-10) Saving message [msg-tenant_c-5] for tenant [tenant_c] on thread [executor-thread-10]
12:02:09 INFO  [co.ex.mu.se.MessageProcessingService] (executor-thread-9) Processing message [msg-tenant_c-6] for tenant [tenant_c] on thread [executor-thread-9]
12:02:09 INFO  [co.ex.mu.re.ProcessedMessageRepository] (executor-thread-9) Saving message [msg-tenant_c-6] for tenant [tenant_c] on thread [executor-thread-9]
12:02:09 INFO  [co.ex.mu.se.MessageProcessingService] (executor-thread-5) Processing message [msg-tenant_c-7] for tenant [tenant_c] on thread [executor-thread-5]
12:02:09 INFO  [co.ex.mu.se.MessageProcessingService] (executor-thread-7) Processing message [msg-tenant_c-8] for tenant [tenant_c] on thread [executor-thread-7]
12:02:09 DEBUG [co.ex.mu.co.TenantConnectionResolverImpl] (executor-thread-3) Resolving connection for tenant: tenant_c
12:02:09 INFO  [co.ex.mu.re.ProcessedMessageRepository] (executor-thread-7) Saving message [msg-tenant_c-8] for tenant [tenant_c] on thread [executor-thread-7]
12:02:09 DEBUG [co.ex.mu.co.TenantConnectionResolverImpl] (executor-thread-9) Resolving connection for tenant: tenant_c
12:02:09 DEBUG [co.ex.mu.co.TenantConnectionResolverImpl] (executor-thread-2) Resolving connection for tenant: tenant_c
12:02:09 DEBUG [co.ex.mu.co.TenantConnectionResolverImpl] (executor-thread-6) Resolving connection for tenant: tenant_c
12:02:09 INFO  [co.ex.mu.re.ProcessedMessageRepository] (executor-thread-5) Saving message [msg-tenant_c-7] for tenant [tenant_c] on thread [executor-thread-5]
12:02:09 INFO  [co.ex.mu.se.MessageProcessingService] (executor-thread-4) Processing message [msg-tenant_c-9] for tenant [tenant_c] on thread [executor-thread-4]
12:02:09 INFO  [co.ex.mu.re.ProcessedMessageRepository] (executor-thread-4) Saving message [msg-tenant_c-9] for tenant [tenant_c] on thread [executor-thread-4]
12:02:09 DEBUG [co.ex.mu.co.TenantConnectionResolverImpl] (executor-thread-7) Resolving connection for tenant: tenant_c
12:02:09 DEBUG [co.ex.mu.co.TenantConnectionResolverImpl] (executor-thread-1) Resolving connection for tenant: tenant_c
12:02:09 DEBUG [co.ex.mu.co.TenantConnectionResolverImpl] (executor-thread-5) Resolving connection for tenant: tenant_c
12:02:09 DEBUG [co.ex.mu.co.TenantConnectionResolverImpl] (executor-thread-4) Resolving connection for tenant: tenant_c
12:02:09 DEBUG [co.ex.mu.co.TenantConnectionResolverImpl] (executor-thread-10) Resolving connection for tenant: tenant_c
12:02:09 INFO  [co.ex.mu.me.SqsClientService] (executor-thread-10) Published processed message [msg-tenant_c-9] for tenant [tenant_c] to output queue. MessageId: b4875aca-f41e-4ce8-8971-aa56fb3c7ffd
12:02:09 INFO  [co.ex.mu.se.MessageProcessingService] (executor-thread-10) Fully processed message [msg-tenant_c-9] for tenant [tenant_c]
12:02:09 DEBUG [co.ex.mu.me.SqsConsumer] (executor-thread-8) Deleted message [34875075-d04c-465a-86bf-1d0a23ffe856] from input queue
12:02:09 INFO  [co.ex.mu.me.SqsClientService] (executor-thread-10) Published processed message [msg-tenant_c-5] for tenant [tenant_c] to output queue. MessageId: 06a11a7b-4f2a-444b-879e-93ee3a966b77
12:02:09 INFO  [co.ex.mu.se.MessageProcessingService] (executor-thread-10) Fully processed message [msg-tenant_c-5] for tenant [tenant_c]
12:02:09 INFO  [co.ex.mu.me.SqsClientService] (executor-thread-5) Published processed message [msg-tenant_c-0] for tenant [tenant_c] to output queue. MessageId: 410eceef-2a43-453d-aedc-d27fc25a4ae2
12:02:09 INFO  [co.ex.mu.se.MessageProcessingService] (executor-thread-5) Fully processed message [msg-tenant_c-0] for tenant [tenant_c]
12:02:09 DEBUG [co.ex.mu.me.SqsConsumer] (executor-thread-1) Deleted message [7d0bebe0-65b9-4d93-8c72-87b3406aa2d3] from input queue
12:02:09 INFO  [co.ex.mu.me.SqsClientService] (executor-thread-1) Published processed message [msg-tenant_c-7] for tenant [tenant_c] to output queue. MessageId: 806e67ad-3a60-46ea-9e1a-724538f19902
12:02:09 INFO  [co.ex.mu.se.MessageProcessingService] (executor-thread-1) Fully processed message [msg-tenant_c-7] for tenant [tenant_c]
12:02:09 DEBUG [co.ex.mu.me.SqsConsumer] (executor-thread-1) Deleted message [d8a0dce4-21a9-4507-9949-76f5f5517732] from input queue
12:02:09 INFO  [co.ex.mu.me.SqsClientService] (executor-thread-1) Published processed message [msg-tenant_c-3] for tenant [tenant_c] to output queue. MessageId: 68241448-7943-490b-9ebf-ac73ce5ed374
12:02:09 INFO  [co.ex.mu.se.MessageProcessingService] (executor-thread-1) Fully processed message [msg-tenant_c-3] for tenant [tenant_c]
12:02:09 DEBUG [co.ex.mu.me.SqsConsumer] (executor-thread-1) Deleted message [84e950fd-ee22-4089-924d-92b634302aa5] from input queue
12:02:09 INFO  [co.ex.mu.me.SqsClientService] (executor-thread-6) Published processed message [msg-tenant_c-8] for tenant [tenant_c] to output queue. MessageId: 6273d77a-c921-4ff7-b050-702936185d97
12:02:09 INFO  [co.ex.mu.se.MessageProcessingService] (executor-thread-6) Fully processed message [msg-tenant_c-8] for tenant [tenant_c]
12:02:09 DEBUG [co.ex.mu.me.SqsConsumer] (executor-thread-1) Deleted message [275c91d6-7051-46a3-9e7f-53fbf8ceff08] from input queue
12:02:09 INFO  [co.ex.mu.me.SqsClientService] (executor-thread-2) Published processed message [msg-tenant_c-2] for tenant [tenant_c] to output queue. MessageId: 99440450-e910-41a7-907f-bc1da90d8800
12:02:09 INFO  [co.ex.mu.se.MessageProcessingService] (executor-thread-2) Fully processed message [msg-tenant_c-2] for tenant [tenant_c]
12:02:09 DEBUG [co.ex.mu.me.SqsConsumer] (executor-thread-2) Deleted message [2e0e3761-9f57-41b8-9080-4a924a124dd9] from input queue
12:02:09 INFO  [co.ex.mu.me.SqsClientService] (executor-thread-2) Published processed message [msg-tenant_c-1] for tenant [tenant_c] to output queue. MessageId: 730117d2-bcb9-4ab7-9b6e-2d996612f9fc
12:02:09 INFO  [co.ex.mu.se.MessageProcessingService] (executor-thread-2) Fully processed message [msg-tenant_c-1] for tenant [tenant_c]
12:02:09 INFO  [co.ex.mu.me.SqsClientService] (executor-thread-9) Published processed message [msg-tenant_c-6] for tenant [tenant_c] to output queue. MessageId: e491e4c4-be62-498c-9a99-d50b057810a8
12:02:09 INFO  [co.ex.mu.se.MessageProcessingService] (executor-thread-9) Fully processed message [msg-tenant_c-6] for tenant [tenant_c]
12:02:09 INFO  [co.ex.mu.me.SqsClientService] (executor-thread-6) Published processed message [msg-tenant_c-4] for tenant [tenant_c] to output queue. MessageId: 593179fe-c070-47a7-a166-23039ecf4c31
12:02:09 INFO  [co.ex.mu.se.MessageProcessingService] (executor-thread-6) Fully processed message [msg-tenant_c-4] for tenant [tenant_c]
12:02:09 DEBUG [co.ex.mu.me.SqsConsumer] (executor-thread-6) Deleted message [a052d4ff-0cf0-437b-84ca-e7d902359388] from input queue
12:02:09 DEBUG [co.ex.mu.me.SqsConsumer] (executor-thread-6) Deleted message [b84fc7f3-d65c-4d54-84be-b645bc6dce41] from input queue
12:02:09 DEBUG [co.ex.mu.me.SqsConsumer] (executor-thread-9) Deleted message [d3331be6-2f01-4fb6-a920-4e31de9f0081] from input queue
12:02:09 DEBUG [co.ex.mu.me.SqsConsumer] (executor-thread-9) Deleted message [15792828-d4af-4016-81d8-291a0070634e] from input queue
12:02:09 INFO  [co.ex.mu.MultiTenantThreadSafetyTest] (awaitility-thread) Total messages in all DBs: 70/90
12:02:11 DEBUG [co.ex.mu.me.SqsClientService] (executor-thread-9) Received 10 messages from input queue
12:02:11 INFO  [co.ex.mu.MultiTenantThreadSafetyTest] (awaitility-thread) Received batch of 10 messages, processing...
12:02:11 INFO  [co.ex.mu.me.SqsConsumer] (awaitility-thread) Processing batch of 10 messages with max concurrency 20
12:02:11 INFO  [co.ex.mu.se.MessageProcessingService] (executor-thread-9) Processing message [msg-tenant_c-10] for tenant [tenant_c] on thread [executor-thread-9]
12:02:11 INFO  [co.ex.mu.re.ProcessedMessageRepository] (executor-thread-9) Saving message [msg-tenant_c-10] for tenant [tenant_c] on thread [executor-thread-9]
12:02:11 INFO  [co.ex.mu.se.MessageProcessingService] (executor-thread-6) Processing message [msg-tenant_c-11] for tenant [tenant_c] on thread [executor-thread-6]
12:02:11 INFO  [co.ex.mu.re.ProcessedMessageRepository] (executor-thread-6) Saving message [msg-tenant_c-11] for tenant [tenant_c] on thread [executor-thread-6]
12:02:11 INFO  [co.ex.mu.se.MessageProcessingService] (executor-thread-2) Processing message [msg-tenant_c-12] for tenant [tenant_c] on thread [executor-thread-2]
12:02:11 INFO  [co.ex.mu.re.ProcessedMessageRepository] (executor-thread-2) Saving message [msg-tenant_c-12] for tenant [tenant_c] on thread [executor-thread-2]
12:02:11 INFO  [co.ex.mu.se.MessageProcessingService] (executor-thread-3) Processing message [msg-tenant_c-13] for tenant [tenant_c] on thread [executor-thread-3]
12:02:11 INFO  [co.ex.mu.re.ProcessedMessageRepository] (executor-thread-3) Saving message [msg-tenant_c-13] for tenant [tenant_c] on thread [executor-thread-3]
12:02:11 INFO  [co.ex.mu.se.MessageProcessingService] (executor-thread-1) Processing message [msg-tenant_c-14] for tenant [tenant_c] on thread [executor-thread-1]
12:02:11 INFO  [co.ex.mu.re.ProcessedMessageRepository] (executor-thread-1) Saving message [msg-tenant_c-14] for tenant [tenant_c] on thread [executor-thread-1]
12:02:11 INFO  [co.ex.mu.se.MessageProcessingService] (executor-thread-7) Processing message [msg-tenant_c-15] for tenant [tenant_c] on thread [executor-thread-7]
12:02:11 INFO  [co.ex.mu.se.MessageProcessingService] (executor-thread-8) Processing message [msg-tenant_c-18] for tenant [tenant_c] on thread [executor-thread-8]
12:02:11 INFO  [co.ex.mu.re.ProcessedMessageRepository] (executor-thread-8) Saving message [msg-tenant_c-18] for tenant [tenant_c] on thread [executor-thread-8]
12:02:11 INFO  [co.ex.mu.se.MessageProcessingService] (executor-thread-10) Processing message [msg-tenant_c-17] for tenant [tenant_c] on thread [executor-thread-10]
12:02:11 INFO  [co.ex.mu.re.ProcessedMessageRepository] (executor-thread-10) Saving message [msg-tenant_c-17] for tenant [tenant_c] on thread [executor-thread-10]
12:02:11 INFO  [co.ex.mu.se.MessageProcessingService] (executor-thread-5) Processing message [msg-tenant_c-16] for tenant [tenant_c] on thread [executor-thread-5]
12:02:11 INFO  [co.ex.mu.re.ProcessedMessageRepository] (executor-thread-7) Saving message [msg-tenant_c-15] for tenant [tenant_c] on thread [executor-thread-7]
12:02:11 INFO  [co.ex.mu.re.ProcessedMessageRepository] (executor-thread-5) Saving message [msg-tenant_c-16] for tenant [tenant_c] on thread [executor-thread-5]
12:02:11 INFO  [co.ex.mu.se.MessageProcessingService] (executor-thread-4) Processing message [msg-tenant_c-19] for tenant [tenant_c] on thread [executor-thread-4]
12:02:11 INFO  [co.ex.mu.re.ProcessedMessageRepository] (executor-thread-4) Saving message [msg-tenant_c-19] for tenant [tenant_c] on thread [executor-thread-4]
12:02:11 INFO  [co.ex.mu.me.SqsClientService] (executor-thread-2) Published processed message [msg-tenant_c-15] for tenant [tenant_c] to output queue. MessageId: e13484a7-70cf-478b-9187-178b56bd4369
12:02:11 INFO  [co.ex.mu.se.MessageProcessingService] (executor-thread-2) Fully processed message [msg-tenant_c-15] for tenant [tenant_c]
12:02:11 INFO  [co.ex.mu.me.SqsClientService] (executor-thread-2) Published processed message [msg-tenant_c-19] for tenant [tenant_c] to output queue. MessageId: bda547b6-ed93-4f4f-9b3a-f1ccc439743d
12:02:11 INFO  [co.ex.mu.se.MessageProcessingService] (executor-thread-2) Fully processed message [msg-tenant_c-19] for tenant [tenant_c]
12:02:11 INFO  [co.ex.mu.me.SqsClientService] (executor-thread-2) Published processed message [msg-tenant_c-10] for tenant [tenant_c] to output queue. MessageId: 05a3560a-8f1c-4965-9872-5f5ec593c3c2
12:02:11 INFO  [co.ex.mu.se.MessageProcessingService] (executor-thread-2) Fully processed message [msg-tenant_c-10] for tenant [tenant_c]
12:02:11 INFO  [co.ex.mu.me.SqsClientService] (executor-thread-6) Published processed message [msg-tenant_c-14] for tenant [tenant_c] to output queue. MessageId: aa184adc-9337-45a1-b590-bec1ed9a314a
12:02:11 INFO  [co.ex.mu.me.SqsClientService] (executor-thread-2) Published processed message [msg-tenant_c-11] for tenant [tenant_c] to output queue. MessageId: 61854579-9b8a-4a50-ba45-64d0cb28aa70
12:02:11 INFO  [co.ex.mu.se.MessageProcessingService] (executor-thread-2) Fully processed message [msg-tenant_c-11] for tenant [tenant_c]
12:02:11 INFO  [co.ex.mu.se.MessageProcessingService] (executor-thread-6) Fully processed message [msg-tenant_c-14] for tenant [tenant_c]
12:02:11 INFO  [co.ex.mu.me.SqsClientService] (executor-thread-6) Published processed message [msg-tenant_c-16] for tenant [tenant_c] to output queue. MessageId: fb873412-02f0-4ec9-be7b-7491585e433b
12:02:11 INFO  [co.ex.mu.se.MessageProcessingService] (executor-thread-6) Fully processed message [msg-tenant_c-16] for tenant [tenant_c]
12:02:11 INFO  [co.ex.mu.me.SqsClientService] (executor-thread-2) Published processed message [msg-tenant_c-18] for tenant [tenant_c] to output queue. MessageId: 04557da2-6876-4a9f-a57f-a80f2b1818c4
12:02:11 INFO  [co.ex.mu.se.MessageProcessingService] (executor-thread-2) Fully processed message [msg-tenant_c-18] for tenant [tenant_c]
12:02:11 INFO  [co.ex.mu.me.SqsClientService] (executor-thread-6) Published processed message [msg-tenant_c-12] for tenant [tenant_c] to output queue. MessageId: 2408c79b-b649-4fd0-9959-231edfb57227
12:02:11 INFO  [co.ex.mu.se.MessageProcessingService] (executor-thread-6) Fully processed message [msg-tenant_c-12] for tenant [tenant_c]
12:02:11 INFO  [co.ex.mu.me.SqsClientService] (executor-thread-5) Published processed message [msg-tenant_c-13] for tenant [tenant_c] to output queue. MessageId: ecb89700-0de7-48f6-a548-dc97d3fbf57f
12:02:11 INFO  [co.ex.mu.se.MessageProcessingService] (executor-thread-5) Fully processed message [msg-tenant_c-13] for tenant [tenant_c]
12:02:11 INFO  [co.ex.mu.me.SqsClientService] (executor-thread-5) Published processed message [msg-tenant_c-17] for tenant [tenant_c] to output queue. MessageId: da2dfd63-0580-4edd-aea5-40ae1598380f
12:02:11 INFO  [co.ex.mu.se.MessageProcessingService] (executor-thread-5) Fully processed message [msg-tenant_c-17] for tenant [tenant_c]
12:02:11 DEBUG [co.ex.mu.me.SqsConsumer] (executor-thread-5) Deleted message [ea288c11-2f6f-4dea-96d1-7509e8e21b2e] from input queue
12:02:11 DEBUG [co.ex.mu.me.SqsConsumer] (executor-thread-5) Deleted message [a55cd86b-abc3-4a33-a8b1-6c2e13e790fb] from input queue
12:02:11 DEBUG [co.ex.mu.me.SqsConsumer] (executor-thread-6) Deleted message [9502ea33-64a1-464a-8e93-f2d98c509f55] from input queue
12:02:11 DEBUG [co.ex.mu.me.SqsConsumer] (executor-thread-6) Deleted message [d72ce205-38b5-48cf-9c5d-ee0464fd69f7] from input queue
12:02:11 DEBUG [co.ex.mu.me.SqsConsumer] (executor-thread-6) Deleted message [9ad89e8c-3ace-4fcf-9e66-1ec3d0f709ba] from input queue
12:02:11 DEBUG [co.ex.mu.me.SqsConsumer] (executor-thread-5) Deleted message [2a3443d1-97ff-4141-8733-82721cca1688] from input queue
12:02:11 DEBUG [co.ex.mu.me.SqsConsumer] (executor-thread-6) Deleted message [6b654349-db06-417b-aeb6-1f9045eea237] from input queue
12:02:11 DEBUG [co.ex.mu.me.SqsConsumer] (executor-thread-6) Deleted message [001b9218-8685-4d6f-a5f3-f26b0d0e2e8f] from input queue
12:02:11 DEBUG [co.ex.mu.me.SqsConsumer] (executor-thread-5) Deleted message [e82f31f4-a436-4ca4-8ca9-24f25fbcfb9d] from input queue
12:02:11 DEBUG [co.ex.mu.me.SqsConsumer] (executor-thread-6) Deleted message [ed96b85b-5b49-41a8-967e-71f4bd3dd3a0] from input queue
12:02:11 INFO  [co.ex.mu.MultiTenantThreadSafetyTest] (awaitility-thread) Total messages in all DBs: 80/90
12:02:13 DEBUG [co.ex.mu.me.SqsClientService] (executor-thread-6) Received 10 messages from input queue
12:02:13 INFO  [co.ex.mu.MultiTenantThreadSafetyTest] (awaitility-thread) Received batch of 10 messages, processing...
12:02:13 INFO  [co.ex.mu.me.SqsConsumer] (awaitility-thread) Processing batch of 10 messages with max concurrency 20
12:02:13 INFO  [co.ex.mu.se.MessageProcessingService] (executor-thread-6) Processing message [msg-tenant_c-20] for tenant [tenant_c] on thread [executor-thread-6]
12:02:13 INFO  [co.ex.mu.re.ProcessedMessageRepository] (executor-thread-6) Saving message [msg-tenant_c-20] for tenant [tenant_c] on thread [executor-thread-6]
12:02:13 INFO  [co.ex.mu.se.MessageProcessingService] (executor-thread-2) Processing message [msg-tenant_c-22] for tenant [tenant_c] on thread [executor-thread-2]
12:02:13 INFO  [co.ex.mu.se.MessageProcessingService] (executor-thread-5) Processing message [msg-tenant_c-21] for tenant [tenant_c] on thread [executor-thread-5]
12:02:13 INFO  [co.ex.mu.se.MessageProcessingService] (executor-thread-1) Processing message [msg-tenant_c-23] for tenant [tenant_c] on thread [executor-thread-1]
12:02:13 INFO  [co.ex.mu.re.ProcessedMessageRepository] (executor-thread-5) Saving message [msg-tenant_c-21] for tenant [tenant_c] on thread [executor-thread-5]
12:02:13 INFO  [co.ex.mu.se.MessageProcessingService] (executor-thread-10) Processing message [msg-tenant_c-24] for tenant [tenant_c] on thread [executor-thread-10]
12:02:13 INFO  [co.ex.mu.re.ProcessedMessageRepository] (executor-thread-1) Saving message [msg-tenant_c-23] for tenant [tenant_c] on thread [executor-thread-1]
12:02:13 INFO  [co.ex.mu.re.ProcessedMessageRepository] (executor-thread-10) Saving message [msg-tenant_c-24] for tenant [tenant_c] on thread [executor-thread-10]
12:02:13 INFO  [co.ex.mu.re.ProcessedMessageRepository] (executor-thread-2) Saving message [msg-tenant_c-22] for tenant [tenant_c] on thread [executor-thread-2]
12:02:13 INFO  [co.ex.mu.se.MessageProcessingService] (executor-thread-7) Processing message [msg-tenant_c-25] for tenant [tenant_c] on thread [executor-thread-7]
12:02:13 INFO  [co.ex.mu.se.MessageProcessingService] (executor-thread-8) Processing message [msg-tenant_c-26] for tenant [tenant_c] on thread [executor-thread-8]
12:02:13 INFO  [co.ex.mu.re.ProcessedMessageRepository] (executor-thread-7) Saving message [msg-tenant_c-25] for tenant [tenant_c] on thread [executor-thread-7]
12:02:13 INFO  [co.ex.mu.re.ProcessedMessageRepository] (executor-thread-8) Saving message [msg-tenant_c-26] for tenant [tenant_c] on thread [executor-thread-8]
[...]
12:02:31 INFO  [co.ex.mu.se.MessageProcessingService] (executor-thread-6) Fully processed message [concurrent-tenant_b-9] for tenant [tenant_b]
12:02:31 INFO  [co.ex.mu.me.SqsClientService] (executor-thread-6) Published processed message [concurrent-tenant_a-11] for tenant [tenant_a] to output queue. MessageId: 5877f350-974b-4516-b19e-931a659c16de
12:02:31 INFO  [co.ex.mu.se.MessageProcessingService] (executor-thread-6) Fully processed message [concurrent-tenant_a-11] for tenant [tenant_a]
12:02:31 INFO  [co.ex.mu.me.SqsClientService] (executor-thread-1) Published processed message [concurrent-tenant_b-14] for tenant [tenant_b] to output queue. MessageId: 87c5aa32-a313-4685-bab6-f58f737e592a
12:02:31 INFO  [co.ex.mu.me.SqsClientService] (executor-thread-6) Published processed message [concurrent-tenant_c-7] for tenant [tenant_c] to output queue. MessageId: b33364c9-af39-4d82-9b82-c500c52b7b1b
12:02:31 INFO  [co.ex.mu.me.SqsClientService] (executor-thread-8) Published processed message [concurrent-tenant_c-10] for tenant [tenant_c] to output queue. MessageId: e0412d21-dbb4-4c0e-a8a4-43bacb8ea3b3
12:02:31 INFO  [co.ex.mu.se.MessageProcessingService] (executor-thread-6) Fully processed message [concurrent-tenant_c-7] for tenant [tenant_c]
12:02:31 INFO  [co.ex.mu.se.MessageProcessingService] (executor-thread-8) Fully processed message [concurrent-tenant_c-10] for tenant [tenant_c]
12:02:31 INFO  [co.ex.mu.se.MessageProcessingService] (executor-thread-1) Fully processed message [concurrent-tenant_b-14] for tenant [tenant_b]
12:02:31 DEBUG [co.ex.mu.me.SqsConsumer] (executor-thread-1) Deleted message [da8a4189-fef5-480e-81f4-d2251271548b] from input queue
12:02:31 DEBUG [co.ex.mu.me.SqsConsumer] (executor-thread-1) Deleted message [142cb2e2-97cd-41a5-81e4-6aab73046165] from input queue
12:02:31 DEBUG [co.ex.mu.me.SqsConsumer] (executor-thread-1) Deleted message [1ee43116-3ec3-4327-83df-84f914f4c2ce] from input queue
12:02:31 DEBUG [co.ex.mu.me.SqsConsumer] (executor-thread-6) Deleted message [397d7960-cfb0-473b-b985-c99cc9b82f09] from input queue
12:02:31 DEBUG [co.ex.mu.me.SqsConsumer] (executor-thread-6) Deleted message [1be81f91-48eb-45a3-a666-c9d341c33c0f] from input queue
12:02:31 DEBUG [co.ex.mu.me.SqsConsumer] (executor-thread-6) Deleted message [bf666921-c6b0-47f0-9e46-7b6e06a31551] from input queue
12:02:31 DEBUG [co.ex.mu.me.SqsConsumer] (executor-thread-6) Deleted message [fcdb5316-4fa2-4f33-9107-ceaafb507c52] from input queue
12:02:31 DEBUG [co.ex.mu.me.SqsConsumer] (executor-thread-6) Deleted message [7a9723b4-f046-4918-8098-2662a5a92a41] from input queue
12:02:31 DEBUG [co.ex.mu.me.SqsConsumer] (executor-thread-1) Deleted message [455a9210-649a-4e94-82e3-89e97f37dc01] from input queue
12:02:31 DEBUG [co.ex.mu.me.SqsConsumer] (executor-thread-1) Deleted message [2d183798-2e82-4f1e-bec0-d5e28cc72c36] from input queue
12:02:32 DEBUG [co.ex.mu.me.SqsClientService] (executor-thread-1) Received 10 messages from input queue
12:02:32 INFO  [co.ex.mu.me.SqsConsumer] (awaitility-thread) Processing batch of 10 messages with max concurrency 20
12:02:32 INFO  [co.ex.mu.se.MessageProcessingService] (executor-thread-1) Processing message [concurrent-tenant_b-7] for tenant [tenant_b] on thread [executor-thread-1]
12:02:32 INFO  [co.ex.mu.re.ProcessedMessageRepository] (executor-thread-1) Saving message [concurrent-tenant_b-7] for tenant [tenant_b] on thread [executor-thread-1]
12:02:32 INFO  [co.ex.mu.se.MessageProcessingService] (executor-thread-6) Processing message [concurrent-tenant_c-15] for tenant [tenant_c] on thread [executor-thread-6]
12:02:32 INFO  [co.ex.mu.se.MessageProcessingService] (executor-thread-8) Processing message [concurrent-tenant_a-5] for tenant [tenant_a] on thread [executor-thread-8]
12:02:32 INFO  [co.ex.mu.re.ProcessedMessageRepository] (executor-thread-6) Saving message [concurrent-tenant_c-15] for tenant [tenant_c] on thread [executor-thread-6]
12:02:32 INFO  [co.ex.mu.re.ProcessedMessageRepository] (executor-thread-8) Saving message [concurrent-tenant_a-5] for tenant [tenant_a] on thread [executor-thread-8]
12:02:32 INFO  [co.ex.mu.se.MessageProcessingService] (executor-thread-7) Processing message [concurrent-tenant_c-17] for tenant [tenant_c] on thread [executor-thread-7]
12:02:32 INFO  [co.ex.mu.re.ProcessedMessageRepository] (executor-thread-7) Saving message [concurrent-tenant_c-17] for tenant [tenant_c] on thread [executor-thread-7]
12:02:32 INFO  [co.ex.mu.se.MessageProcessingService] (executor-thread-10) Processing message [concurrent-tenant_c-11] for tenant [tenant_c] on thread [executor-thread-10]
12:02:32 INFO  [co.ex.mu.se.MessageProcessingService] (executor-thread-9) Processing message [concurrent-tenant_a-17] for tenant [tenant_a] on thread [executor-thread-9]
12:02:32 INFO  [co.ex.mu.se.MessageProcessingService] (executor-thread-2) Processing message [concurrent-tenant_b-13] for tenant [tenant_b] on thread [executor-thread-2]
12:02:32 INFO  [co.ex.mu.re.ProcessedMessageRepository] (executor-thread-10) Saving message [concurrent-tenant_c-11] for tenant [tenant_c] on thread [executor-thread-10]
12:02:32 INFO  [co.ex.mu.re.ProcessedMessageRepository] (executor-thread-2) Saving message [concurrent-tenant_b-13] for tenant [tenant_b] on thread [executor-thread-2]
12:02:32 INFO  [co.ex.mu.re.ProcessedMessageRepository] (executor-thread-9) Saving message [concurrent-tenant_a-17] for tenant [tenant_a] on thread [executor-thread-9]
12:02:32 INFO  [co.ex.mu.se.MessageProcessingService] (executor-thread-3) Processing message [concurrent-tenant_b-6] for tenant [tenant_b] on thread [executor-thread-3]
12:02:32 INFO  [co.ex.mu.re.ProcessedMessageRepository] (executor-thread-3) Saving message [concurrent-tenant_b-6] for tenant [tenant_b] on thread [executor-thread-3]
12:02:32 INFO  [co.ex.mu.se.MessageProcessingService] (executor-thread-5) Processing message [concurrent-tenant_a-4] for tenant [tenant_a] on thread [executor-thread-5]
12:02:32 INFO  [co.ex.mu.re.ProcessedMessageRepository] (executor-thread-5) Saving message [concurrent-tenant_a-4] for tenant [tenant_a] on thread [executor-thread-5]
12:02:32 INFO  [co.ex.mu.se.MessageProcessingService] (executor-thread-4) Processing message [concurrent-tenant_b-10] for tenant [tenant_b] on thread [executor-thread-4]
12:02:32 INFO  [co.ex.mu.re.ProcessedMessageRepository] (executor-thread-4) Saving message [concurrent-tenant_b-10] for tenant [tenant_b] on thread [executor-thread-4]
12:02:32 INFO  [co.ex.mu.me.SqsClientService] (executor-thread-7) Published processed message [concurrent-tenant_a-4] for tenant [tenant_a] to output queue. MessageId: 82202afa-7d4a-46aa-bd9d-7c2f7bdb8e16
12:02:32 INFO  [co.ex.mu.se.MessageProcessingService] (executor-thread-7) Fully processed message [concurrent-tenant_a-4] for tenant [tenant_a]
12:02:32 INFO  [co.ex.mu.me.SqsClientService] (executor-thread-2) Published processed message [concurrent-tenant_b-7] for tenant [tenant_b] to output queue. MessageId: 0164e21f-4e92-4110-86a5-6f95672813af
12:02:32 INFO  [co.ex.mu.se.MessageProcessingService] (executor-thread-2) Fully processed message [concurrent-tenant_b-7] for tenant [tenant_b]
12:02:32 INFO  [co.ex.mu.me.SqsClientService] (executor-thread-3) Published processed message [concurrent-tenant_c-11] for tenant [tenant_c] to output queue. MessageId: 29eca908-4187-4de5-ba16-d8bbb2a5fa00
12:02:32 INFO  [co.ex.mu.se.MessageProcessingService] (executor-thread-3) Fully processed message [concurrent-tenant_c-11] for tenant [tenant_c]
12:02:32 INFO  [co.ex.mu.me.SqsClientService] (executor-thread-6) Published processed message [concurrent-tenant_b-10] for tenant [tenant_b] to output queue. MessageId: 2085a424-e77b-448b-955a-f8c4f8e76343
12:02:32 INFO  [co.ex.mu.se.MessageProcessingService] (executor-thread-6) Fully processed message [concurrent-tenant_b-10] for tenant [tenant_b]
12:02:32 INFO  [co.ex.mu.me.SqsClientService] (executor-thread-4) Published processed message [concurrent-tenant_a-17] for tenant [tenant_a] to output queue. MessageId: 743b0cda-f442-4586-88c6-6666e679c4d4
12:02:32 INFO  [co.ex.mu.se.MessageProcessingService] (executor-thread-4) Fully processed message [concurrent-tenant_a-17] for tenant [tenant_a]
12:02:32 INFO  [co.ex.mu.me.SqsClientService] (executor-thread-8) Published processed message [concurrent-tenant_c-17] for tenant [tenant_c] to output queue. MessageId: 1958adcb-5a36-43b9-9f73-0fe05f1137a0
12:02:32 INFO  [co.ex.mu.se.MessageProcessingService] (executor-thread-8) Fully processed message [concurrent-tenant_c-17] for tenant [tenant_c]
12:02:32 INFO  [co.ex.mu.me.SqsClientService] (executor-thread-3) Published processed message [concurrent-tenant_a-5] for tenant [tenant_a] to output queue. MessageId: c717a925-0b08-44e4-9e1b-50f9d18f5577
12:02:32 INFO  [co.ex.mu.se.MessageProcessingService] (executor-thread-3) Fully processed message [concurrent-tenant_a-5] for tenant [tenant_a]
12:02:32 INFO  [co.ex.mu.me.SqsClientService] (executor-thread-8) Published processed message [concurrent-tenant_c-15] for tenant [tenant_c] to output queue. MessageId: 7b9f4cfa-f659-4807-b562-51ad8ed79dd7
12:02:32 INFO  [co.ex.mu.se.MessageProcessingService] (executor-thread-8) Fully processed message [concurrent-tenant_c-15] for tenant [tenant_c]
12:02:32 INFO  [co.ex.mu.me.SqsClientService] (executor-thread-6) Published processed message [concurrent-tenant_b-13] for tenant [tenant_b] to output queue. MessageId: 58eefd05-5b6f-4a0d-929b-12a6891043c4
12:02:32 INFO  [co.ex.mu.se.MessageProcessingService] (executor-thread-6) Fully processed message [concurrent-tenant_b-13] for tenant [tenant_b]
12:02:32 INFO  [co.ex.mu.me.SqsClientService] (executor-thread-4) Published processed message [concurrent-tenant_b-6] for tenant [tenant_b] to output queue. MessageId: 241f6e89-b36b-478f-94cb-56567d5dfa87
12:02:32 INFO  [co.ex.mu.se.MessageProcessingService] (executor-thread-4) Fully processed message [concurrent-tenant_b-6] for tenant [tenant_b]
12:02:32 DEBUG [co.ex.mu.me.SqsConsumer] (executor-thread-4) Deleted message [8c74d8b2-4d1a-4dc1-86e9-b12418fdb2cd] from input queue
12:02:32 DEBUG [co.ex.mu.me.SqsConsumer] (executor-thread-4) Deleted message [e8612559-4638-4801-aaab-d5978f64cd9e] from input queue
12:02:32 DEBUG [co.ex.mu.me.SqsConsumer] (executor-thread-4) Deleted message [a4a54a16-465a-4784-821c-027fff10a7a0] from input queue
12:02:32 DEBUG [co.ex.mu.me.SqsConsumer] (executor-thread-4) Deleted message [c63a3ee8-b84c-49fd-abb0-8c87694fde51] from input queue
12:02:32 DEBUG [co.ex.mu.me.SqsConsumer] (executor-thread-4) Deleted message [26711639-bc73-468c-9e16-c31e4677d5d5] from input queue
12:02:32 DEBUG [co.ex.mu.me.SqsConsumer] (executor-thread-4) Deleted message [70ea1003-f800-4a7d-874f-4ec6f488a649] from input queue
12:02:32 DEBUG [co.ex.mu.me.SqsConsumer] (executor-thread-4) Deleted message [c4325780-4794-4e62-9876-6c0e00b75142] from input queue
12:02:32 DEBUG [co.ex.mu.me.SqsConsumer] (executor-thread-4) Deleted message [3d44b336-716f-4432-959f-d00914b62383] from input queue
12:02:32 DEBUG [co.ex.mu.me.SqsConsumer] (executor-thread-8) Deleted message [e5c78333-6d0d-41d4-aca1-ae968f3fc548] from input queue
12:02:32 DEBUG [co.ex.mu.me.SqsConsumer] (executor-thread-6) Deleted message [de348334-1c5f-47ca-bec0-d17df46ee24d] from input queue
12:02:33 DEBUG [co.ex.mu.me.SqsClientService] (executor-thread-6) Received 10 messages from input queue
12:02:33 INFO  [co.ex.mu.me.SqsConsumer] (awaitility-thread) Processing batch of 10 messages with max concurrency 20
12:02:33 INFO  [co.ex.mu.se.MessageProcessingService] (executor-thread-6) Processing message [concurrent-tenant_c-2] for tenant [tenant_c] on thread [executor-thread-6]
12:02:33 INFO  [co.ex.mu.re.ProcessedMessageRepository] (executor-thread-6) Saving message [concurrent-tenant_c-2] for tenant [tenant_c] on thread [executor-thread-6]
12:02:33 INFO  [co.ex.mu.se.MessageProcessingService] (executor-thread-8) Processing message [concurrent-tenant_b-15] for tenant [tenant_b] on thread [executor-thread-8]
12:02:33 INFO  [co.ex.mu.se.MessageProcessingService] (executor-thread-4) Processing message [concurrent-tenant_b-1] for tenant [tenant_b] on thread [executor-thread-4]
12:02:33 INFO  [co.ex.mu.se.MessageProcessingService] (executor-thread-3) Processing message [concurrent-tenant_b-16] for tenant [tenant_b] on thread [executor-thread-3]
12:02:33 INFO  [co.ex.mu.re.ProcessedMessageRepository] (executor-thread-8) Saving message [concurrent-tenant_b-15] for tenant [tenant_b] on thread [executor-thread-8]
12:02:33 INFO  [co.ex.mu.re.ProcessedMessageRepository] (executor-thread-3) Saving message [concurrent-tenant_b-16] for tenant [tenant_b] on thread [executor-thread-3]
12:02:33 INFO  [co.ex.mu.se.MessageProcessingService] (executor-thread-2) Processing message [concurrent-tenant_b-5] for tenant [tenant_b] on thread [executor-thread-2]
12:02:33 INFO  [co.ex.mu.re.ProcessedMessageRepository] (executor-thread-2) Saving message [concurrent-tenant_b-5] for tenant [tenant_b] on thread [executor-thread-2]
12:02:33 INFO  [co.ex.mu.re.ProcessedMessageRepository] (executor-thread-4) Saving message [concurrent-tenant_b-1] for tenant [tenant_b] on thread [executor-thread-4]
12:02:33 INFO  [co.ex.mu.se.MessageProcessingService] (executor-thread-7) Processing message [concurrent-tenant_b-0] for tenant [tenant_b] on thread [executor-thread-7]
12:02:33 INFO  [co.ex.mu.se.MessageProcessingService] (executor-thread-1) Processing message [concurrent-tenant_a-19] for tenant [tenant_a] on thread [executor-thread-1]
12:02:33 INFO  [co.ex.mu.re.ProcessedMessageRepository] (executor-thread-7) Saving message [concurrent-tenant_b-0] for tenant [tenant_b] on thread [executor-thread-7]
12:02:33 INFO  [co.ex.mu.re.ProcessedMessageRepository] (executor-thread-1) Saving message [concurrent-tenant_a-19] for tenant [tenant_a] on thread [executor-thread-1]
12:02:33 INFO  [co.ex.mu.se.MessageProcessingService] (executor-thread-5) Processing message [concurrent-tenant_c-0] for tenant [tenant_c] on thread [executor-thread-5]
12:02:33 INFO  [co.ex.mu.re.ProcessedMessageRepository] (executor-thread-5) Saving message [concurrent-tenant_c-0] for tenant [tenant_c] on thread [executor-thread-5]
12:02:33 INFO  [co.ex.mu.se.MessageProcessingService] (executor-thread-10) Processing message [concurrent-tenant_b-8] for tenant [tenant_b] on thread [executor-thread-10]
12:02:33 INFO  [co.ex.mu.re.ProcessedMessageRepository] (executor-thread-10) Saving message [concurrent-tenant_b-8] for tenant [tenant_b] on thread [executor-thread-10]
12:02:33 INFO  [co.ex.mu.se.MessageProcessingService] (executor-thread-9) Processing message [concurrent-tenant_a-16] for tenant [tenant_a] on thread [executor-thread-9]
12:02:33 INFO  [co.ex.mu.re.ProcessedMessageRepository] (executor-thread-9) Saving message [concurrent-tenant_a-16] for tenant [tenant_a] on thread [executor-thread-9]
12:02:33 INFO  [co.ex.mu.me.SqsClientService] (executor-thread-1) Published processed message [concurrent-tenant_b-8] for tenant [tenant_b] to output queue. MessageId: 7b58840f-1ffe-405d-b2ff-119a7b0ade3b
12:02:33 INFO  [co.ex.mu.se.MessageProcessingService] (executor-thread-1) Fully processed message [concurrent-tenant_b-8] for tenant [tenant_b]
12:02:33 INFO  [co.ex.mu.me.SqsClientService] (executor-thread-1) Published processed message [concurrent-tenant_b-0] for tenant [tenant_b] to output queue. MessageId: 9e056458-8660-4f65-a2ab-15af40f348fd
12:02:33 INFO  [co.ex.mu.se.MessageProcessingService] (executor-thread-1) Fully processed message [concurrent-tenant_b-0] for tenant [tenant_b]
12:02:33 INFO  [co.ex.mu.me.SqsClientService] (executor-thread-4) Published processed message [concurrent-tenant_a-16] for tenant [tenant_a] to output queue. MessageId: 8ab1cf17-c26e-4a20-b7d6-3a09f11addc6
12:02:33 INFO  [co.ex.mu.se.MessageProcessingService] (executor-thread-4) Fully processed message [concurrent-tenant_a-16] for tenant [tenant_a]
12:02:33 INFO  [co.ex.mu.me.SqsClientService] (executor-thread-1) Published processed message [concurrent-tenant_b-1] for tenant [tenant_b] to output queue. MessageId: 1fdd6171-4e5d-4df2-b955-a07414b821da
12:02:33 INFO  [co.ex.mu.se.MessageProcessingService] (executor-thread-1) Fully processed message [concurrent-tenant_b-1] for tenant [tenant_b]
12:02:33 INFO  [co.ex.mu.me.SqsClientService] (executor-thread-4) Published processed message [concurrent-tenant_c-0] for tenant [tenant_c] to output queue. MessageId: 39bbdc02-4d2a-4e99-909a-91604f40ca61
12:02:33 INFO  [co.ex.mu.se.MessageProcessingService] (executor-thread-4) Fully processed message [concurrent-tenant_c-0] for tenant [tenant_c]
12:02:33 INFO  [co.ex.mu.me.SqsClientService] (executor-thread-1) Published processed message [concurrent-tenant_b-5] for tenant [tenant_b] to output queue. MessageId: 871fece8-3af7-4af5-9165-43c0e7f9a825
12:02:33 INFO  [co.ex.mu.se.MessageProcessingService] (executor-thread-1) Fully processed message [concurrent-tenant_b-5] for tenant [tenant_b]
12:02:33 INFO  [co.ex.mu.me.SqsClientService] (executor-thread-9) Published processed message [concurrent-tenant_b-16] for tenant [tenant_b] to output queue. MessageId: a786a92e-be20-46fe-bc90-b1352035e689
12:02:33 INFO  [co.ex.mu.se.MessageProcessingService] (executor-thread-9) Fully processed message [concurrent-tenant_b-16] for tenant [tenant_b]
12:02:33 INFO  [co.ex.mu.me.SqsClientService] (executor-thread-9) Published processed message [concurrent-tenant_b-15] for tenant [tenant_b] to output queue. MessageId: 991af9bc-2bc3-496f-8d0c-ae9a4412a434
12:02:33 INFO  [co.ex.mu.se.MessageProcessingService] (executor-thread-9) Fully processed message [concurrent-tenant_b-15] for tenant [tenant_b]
12:02:33 INFO  [co.ex.mu.me.SqsClientService] (executor-thread-9) Published processed message [concurrent-tenant_c-2] for tenant [tenant_c] to output queue. MessageId: 67c129b0-cb59-4da5-9d5b-8989acafae82
12:02:33 INFO  [co.ex.mu.se.MessageProcessingService] (executor-thread-9) Fully processed message [concurrent-tenant_c-2] for tenant [tenant_c]
12:02:33 INFO  [co.ex.mu.me.SqsClientService] (executor-thread-1) Published processed message [concurrent-tenant_a-19] for tenant [tenant_a] to output queue. MessageId: 63c4fa92-e1e9-45f1-a390-7f66b772ca41
12:02:33 INFO  [co.ex.mu.se.MessageProcessingService] (executor-thread-1) Fully processed message [concurrent-tenant_a-19] for tenant [tenant_a]
12:02:33 DEBUG [co.ex.mu.me.SqsConsumer] (executor-thread-1) Deleted message [9eb8dee0-3bd6-4851-aa5a-5c76d58d2110] from input queue
12:02:33 DEBUG [co.ex.mu.me.SqsConsumer] (executor-thread-1) Deleted message [571720c9-2394-47ba-b7d3-642a5766297b] from input queue
12:02:33 DEBUG [co.ex.mu.me.SqsConsumer] (executor-thread-1) Deleted message [cb683960-ae40-445a-8d50-af824a5180f3] from input queue
12:02:33 DEBUG [co.ex.mu.me.SqsConsumer] (executor-thread-1) Deleted message [61991049-108f-4776-98e3-ca845b082ba9] from input queue
12:02:33 DEBUG [co.ex.mu.me.SqsConsumer] (executor-thread-1) Deleted message [fe5dc910-773d-480d-975f-754de71205f5] from input queue
12:02:33 DEBUG [co.ex.mu.me.SqsConsumer] (executor-thread-1) Deleted message [079af8d3-6652-4644-8639-c03018b0c593] from input queue
12:02:33 DEBUG [co.ex.mu.me.SqsConsumer] (executor-thread-1) Deleted message [5af5b0e4-45aa-434d-b94d-e2238576faba] from input queue
12:02:33 DEBUG [co.ex.mu.me.SqsConsumer] (executor-thread-1) Deleted message [560307f6-7597-4992-99d8-49b37c4d3c07] from input queue
12:02:33 DEBUG [co.ex.mu.me.SqsConsumer] (executor-thread-1) Deleted message [71e1969f-1a31-49dd-8be9-c4e1cf7f7038] from input queue
12:02:33 DEBUG [co.ex.mu.me.SqsConsumer] (executor-thread-1) Deleted message [5a88e8d9-72ab-4b86-af2a-af2c42dce5e7] from input queue
12:02:33 INFO  [co.ex.mu.MultiTenantThreadSafetyTest] (main) === HIGH CONCURRENCY TEST PASSED ===
]]></system-out>
  </testcase>
</testsuite>